{"/home/travis/build/npmtest/node-npmtest-casperjs/test.js":{"path":"/home/travis/build/npmtest/node-npmtest-casperjs/test.js","s":{"1":2,"2":2,"3":2,"4":2,"5":2,"6":2,"7":2,"8":1,"9":2,"10":2,"11":1,"12":1,"13":1,"14":1,"15":2,"16":2,"17":2,"18":2,"19":1,"20":1,"21":2,"22":2,"23":2,"24":1,"25":1,"26":1,"27":1,"28":1,"29":1,"30":1,"31":1,"32":1,"33":1,"34":1,"35":1,"36":1,"37":2,"38":2,"39":1,"40":2,"41":2,"42":1,"43":2,"44":2,"45":1,"46":2,"47":2,"48":1,"49":1,"50":1,"51":1,"52":1},"b":{"1":[2,1,1,1],"2":[1,1,1,1],"3":[1,1],"4":[1,1],"5":[1,1],"6":[1,1],"7":[1,1],"8":[1,1],"9":[1,1,1],"10":[1,1],"11":[1,1],"12":[1,1],"13":[1,1],"14":[1,1],"15":[1,1],"16":[1,1]},"f":{"1":2,"2":2,"3":2,"4":2,"5":2,"6":1,"7":1,"8":2,"9":2,"10":2,"11":2,"12":1},"fnMap":{"1":{"name":"(anonymous_1)","line":12,"loc":{"start":{"line":12,"column":1},"end":{"line":12,"column":13}}},"2":{"name":"(anonymous_2)","line":19,"loc":{"start":{"line":19,"column":5},"end":{"line":19,"column":17}}},"3":{"name":"(anonymous_3)","line":23,"loc":{"start":{"line":23,"column":24},"end":{"line":23,"column":36}}},"4":{"name":"(anonymous_4)","line":61,"loc":{"start":{"line":61,"column":5},"end":{"line":61,"column":17}}},"5":{"name":"(anonymous_5)","line":82,"loc":{"start":{"line":82,"column":5},"end":{"line":82,"column":17}}},"6":{"name":"(anonymous_6)","line":102,"loc":{"start":{"line":102,"column":83},"end":{"line":105,"column":10}},"skip":true},"7":{"name":"(anonymous_7)","line":113,"loc":{"start":{"line":113,"column":77},"end":{"line":116,"column":10}},"skip":true},"8":{"name":"(anonymous_8)","line":129,"loc":{"start":{"line":129,"column":12},"end":{"line":129,"column":40}},"skip":true},"9":{"name":"(anonymous_9)","line":137,"loc":{"start":{"line":137,"column":77},"end":{"line":140,"column":10}},"skip":true},"10":{"name":"(anonymous_10)","line":148,"loc":{"start":{"line":148,"column":83},"end":{"line":151,"column":10}},"skip":true},"11":{"name":"(anonymous_11)","line":159,"loc":{"start":{"line":159,"column":79},"end":{"line":162,"column":10}},"skip":true},"12":{"name":"(anonymous_12)","line":170,"loc":{"start":{"line":170,"column":75},"end":{"line":173,"column":10}},"skip":true}},"statementMap":{"1":{"start":{"line":12,"column":0},"end":{"line":185,"column":5}},"2":{"start":{"line":14,"column":4},"end":{"line":14,"column":14}},"3":{"start":{"line":19,"column":4},"end":{"line":56,"column":9}},"4":{"start":{"line":21,"column":8},"end":{"line":21,"column":19}},"5":{"start":{"line":23,"column":8},"end":{"line":35,"column":13}},"6":{"start":{"line":24,"column":12},"end":{"line":34,"column":13}},"7":{"start":{"line":25,"column":16},"end":{"line":28,"column":30}},"8":{"start":{"line":30,"column":16},"end":{"line":33,"column":27}},"9":{"start":{"line":37,"column":8},"end":{"line":39,"column":21}},"10":{"start":{"line":40,"column":8},"end":{"line":53,"column":9}},"11":{"start":{"line":43,"column":12},"end":{"line":46,"column":14}},"12":{"start":{"line":47,"column":12},"end":{"line":47,"column":18}},"13":{"start":{"line":50,"column":12},"end":{"line":51,"column":46}},"14":{"start":{"line":52,"column":12},"end":{"line":52,"column":18}},"15":{"start":{"line":55,"column":8},"end":{"line":55,"column":35}},"16":{"start":{"line":61,"column":4},"end":{"line":63,"column":9}},"17":{"start":{"line":62,"column":8},"end":{"line":62,"column":15}},"18":{"start":{"line":64,"column":4},"end":{"line":77,"column":5}},"19":{"start":{"line":70,"column":8},"end":{"line":70,"column":14}},"20":{"start":{"line":76,"column":8},"end":{"line":76,"column":14}},"21":{"start":{"line":82,"column":4},"end":{"line":84,"column":9}},"22":{"start":{"line":83,"column":8},"end":{"line":83,"column":15}},"23":{"start":{"line":85,"column":4},"end":{"line":184,"column":5}},"24":{"start":{"line":92,"column":8},"end":{"line":94,"column":63}},"25":{"start":{"line":95,"column":8},"end":{"line":95,"column":14}},"26":{"start":{"line":102,"column":8},"end":{"line":111,"column":10},"skip":true},"27":{"start":{"line":109,"column":12},"end":{"line":109,"column":55},"skip":true},"28":{"start":{"line":110,"column":12},"end":{"line":110,"column":48},"skip":true},"29":{"start":{"line":113,"column":8},"end":{"line":126,"column":10},"skip":true},"30":{"start":{"line":120,"column":12},"end":{"line":120,"column":76},"skip":true},"31":{"start":{"line":121,"column":12},"end":{"line":121,"column":73},"skip":true},"32":{"start":{"line":122,"column":12},"end":{"line":122,"column":74},"skip":true},"33":{"start":{"line":123,"column":12},"end":{"line":123,"column":79},"skip":true},"34":{"start":{"line":124,"column":12},"end":{"line":124,"column":25},"skip":true},"35":{"start":{"line":125,"column":12},"end":{"line":125,"column":45},"skip":true},"36":{"start":{"line":128,"column":8},"end":{"line":135,"column":14},"skip":true},"37":{"start":{"line":133,"column":16},"end":{"line":133,"column":29},"skip":true},"38":{"start":{"line":134,"column":16},"end":{"line":134,"column":55},"skip":true},"39":{"start":{"line":137,"column":8},"end":{"line":146,"column":10},"skip":true},"40":{"start":{"line":144,"column":12},"end":{"line":144,"column":25},"skip":true},"41":{"start":{"line":145,"column":12},"end":{"line":145,"column":45},"skip":true},"42":{"start":{"line":148,"column":8},"end":{"line":157,"column":10},"skip":true},"43":{"start":{"line":155,"column":12},"end":{"line":155,"column":25},"skip":true},"44":{"start":{"line":156,"column":12},"end":{"line":156,"column":48},"skip":true},"45":{"start":{"line":159,"column":8},"end":{"line":168,"column":10},"skip":true},"46":{"start":{"line":166,"column":12},"end":{"line":166,"column":25},"skip":true},"47":{"start":{"line":167,"column":12},"end":{"line":167,"column":46},"skip":true},"48":{"start":{"line":170,"column":8},"end":{"line":179,"column":10},"skip":true},"49":{"start":{"line":177,"column":12},"end":{"line":177,"column":94},"skip":true},"50":{"start":{"line":178,"column":12},"end":{"line":178,"column":48},"skip":true},"51":{"start":{"line":182,"column":8},"end":{"line":182,"column":35},"skip":true},"52":{"start":{"line":183,"column":8},"end":{"line":183,"column":14},"skip":true}},"branchMap":{"1":{"line":25,"type":"binary-expr","locations":[{"start":{"line":25,"column":23},"end":{"line":25,"column":62}},{"start":{"line":26,"column":20},"end":{"line":26,"column":70}},{"start":{"line":27,"column":20},"end":{"line":27,"column":71}},{"start":{"line":28,"column":20},"end":{"line":28,"column":29}}]},"2":{"line":30,"type":"binary-expr","locations":[{"start":{"line":30,"column":23},"end":{"line":30,"column":37}},{"start":{"line":31,"column":20},"end":{"line":31,"column":61}},{"start":{"line":32,"column":20},"end":{"line":32,"column":70}},{"start":{"line":33,"column":20},"end":{"line":33,"column":26}}]},"3":{"line":37,"type":"cond-expr","locations":[{"start":{"line":38,"column":14},"end":{"line":38,"column":20}},{"start":{"line":39,"column":14},"end":{"line":39,"column":20}}]},"4":{"line":40,"type":"switch","locations":[{"start":{"line":42,"column":8},"end":{"line":47,"column":18}},{"start":{"line":49,"column":8},"end":{"line":52,"column":18}}]},"5":{"line":44,"type":"binary-expr","locations":[{"start":{"line":44,"column":16},"end":{"line":44,"column":44}},{"start":{"line":44,"column":48},"end":{"line":44,"column":66}}]},"6":{"line":50,"type":"binary-expr","locations":[{"start":{"line":50,"column":21},"end":{"line":50,"column":49}},{"start":{"line":50,"column":53},"end":{"line":50,"column":72}}]},"7":{"line":64,"type":"switch","locations":[{"start":{"line":69,"column":4},"end":{"line":70,"column":14}},{"start":{"line":75,"column":4},"end":{"line":76,"column":14}}]},"8":{"line":85,"type":"switch","locations":[{"start":{"line":90,"column":4},"end":{"line":95,"column":14}},{"start":{"line":101,"column":4},"end":{"line":183,"column":14},"skip":true}]},"9":{"line":92,"type":"binary-expr","locations":[{"start":{"line":92,"column":18},"end":{"line":92,"column":32}},{"start":{"line":93,"column":12},"end":{"line":93,"column":53}},{"start":{"line":94,"column":12},"end":{"line":94,"column":61}}]},"10":{"line":102,"type":"binary-expr","locations":[{"start":{"line":102,"column":45},"end":{"line":102,"column":79},"skip":true},{"start":{"line":102,"column":83},"end":{"line":111,"column":9},"skip":true}]},"11":{"line":113,"type":"binary-expr","locations":[{"start":{"line":113,"column":42},"end":{"line":113,"column":73},"skip":true},{"start":{"line":113,"column":77},"end":{"line":126,"column":9},"skip":true}]},"12":{"line":128,"type":"binary-expr","locations":[{"start":{"line":128,"column":48},"end":{"line":128,"column":85},"skip":true},{"start":{"line":129,"column":12},"end":{"line":135,"column":13},"skip":true}]},"13":{"line":137,"type":"binary-expr","locations":[{"start":{"line":137,"column":42},"end":{"line":137,"column":73},"skip":true},{"start":{"line":137,"column":77},"end":{"line":146,"column":9},"skip":true}]},"14":{"line":148,"type":"binary-expr","locations":[{"start":{"line":148,"column":45},"end":{"line":148,"column":79},"skip":true},{"start":{"line":148,"column":83},"end":{"line":157,"column":9},"skip":true}]},"15":{"line":159,"type":"binary-expr","locations":[{"start":{"line":159,"column":43},"end":{"line":159,"column":75},"skip":true},{"start":{"line":159,"column":79},"end":{"line":168,"column":9},"skip":true}]},"16":{"line":170,"type":"binary-expr","locations":[{"start":{"line":170,"column":41},"end":{"line":170,"column":71},"skip":true},{"start":{"line":170,"column":75},"end":{"line":179,"column":9},"skip":true}]}},"code":["/* istanbul instrument in package npmtest_casperjs */","/*jslint","    bitwise: true,","    browser: true,","    maxerr: 8,","    maxlen: 96,","    node: true,","    nomen: true,","    regexp: true,","    stupid: true","*/","(function () {","    'use strict';","    var local;","","","","    // run shared js-env code - pre-init","    (function () {","        // init local","        local = {};","        // init modeJs","        local.modeJs = (function () {","            try {","                return typeof navigator.userAgent === 'string' &&","                    typeof document.querySelector('body') === 'object' &&","                    typeof XMLHttpRequest.prototype.open === 'function' &&","                    'browser';","            } catch (errorCaughtBrowser) {","                return module.exports &&","                    typeof process.versions.node === 'string' &&","                    typeof require('http').createServer === 'function' &&","                    'node';","            }","        }());","        // init global","        local.global = local.modeJs === 'browser'","            ? window","            : global;","        switch (local.modeJs) {","        // re-init local from window.local","        case 'browser':","            local = local.global.utility2.objectSetDefault(","                local.global.utility2_rollup || local.global.local,","                local.global.utility2","            );","            break;","        // re-init local from example.js","        case 'node':","            local = (local.global.utility2_rollup || require('utility2'))","                .requireExampleJsFromReadme();","            break;","        }","        // export local","        local.global.local = local;","    }());","","","","    // run shared js-env code - function","    (function () {","        return;","    }());","    switch (local.modeJs) {","","","","    // run browser js-env code - function","    case 'browser':","        break;","","","","    // run node js-env code - function","    case 'node':","        break;","    }","","","","    // run shared js-env code - post-init","    (function () {","        return;","    }());","    switch (local.modeJs) {","","","","    // run browser js-env code - post-init","    case 'browser':","        // run tests","        local.nop(local.modeTest &&","            document.querySelector('#testRunButton1') &&","            document.querySelector('#testRunButton1').click());","        break;","","","","    // run node js-env code - post-init","    /* istanbul ignore next */","    case 'node':","        local.testCase_buildApidoc_default = local.testCase_buildApidoc_default || function (","            options,","            onError","        ) {","        /*","         * this function will test buildApidoc's default handling-behavior-behavior","         */","            options = { modulePathList: module.paths };","            local.buildApidoc(options, onError);","        };","","        local.testCase_buildApp_default = local.testCase_buildApp_default || function (","            options,","            onError","        ) {","        /*","         * this function will test buildApp's default handling-behavior-behavior","         */","            local.testCase_buildReadme_default(options, local.onErrorThrow);","            local.testCase_buildLib_default(options, local.onErrorThrow);","            local.testCase_buildTest_default(options, local.onErrorThrow);","            local.testCase_buildCustomOrg_default(options, local.onErrorThrow);","            options = [];","            local.buildApp(options, onError);","        };","","        local.testCase_buildCustomOrg_default = local.testCase_buildCustomOrg_default ||","            function (options, onError) {","            /*","             * this function will test buildCustomOrg's default handling-behavior","             */","                options = {};","                local.buildCustomOrg(options, onError);","            };","","        local.testCase_buildLib_default = local.testCase_buildLib_default || function (","            options,","            onError","        ) {","        /*","         * this function will test buildLib's default handling-behavior","         */","            options = {};","            local.buildLib(options, onError);","        };","","        local.testCase_buildReadme_default = local.testCase_buildReadme_default || function (","            options,","            onError","        ) {","        /*","         * this function will test buildReadme's default handling-behavior-behavior","         */","            options = {};","            local.buildReadme(options, onError);","        };","","        local.testCase_buildTest_default = local.testCase_buildTest_default || function (","            options,","            onError","        ) {","        /*","         * this function will test buildTest's default handling-behavior","         */","            options = {};","            local.buildTest(options, onError);","        };","","        local.testCase_webpage_default = local.testCase_webpage_default || function (","            options,","            onError","        ) {","        /*","         * this function will test webpage's default handling-behavior","         */","            options = { modeCoverageMerge: true, url: local.serverLocalHost + '?modeTest=1' };","            local.browserTest(options, onError);","        };","","        // run test-server","        local.testRunServer(local);","        break;","    }","}());",""],"l":{"12":2,"14":2,"19":2,"21":2,"23":2,"24":2,"25":2,"30":1,"37":2,"40":2,"43":1,"47":1,"50":1,"52":1,"55":2,"61":2,"62":2,"64":2,"70":1,"76":1,"82":2,"83":2,"85":2,"92":1,"95":1,"102":1,"109":1,"110":1,"113":1,"120":1,"121":1,"122":1,"123":1,"124":1,"125":1,"128":1,"133":2,"134":2,"137":1,"144":2,"145":2,"148":1,"155":2,"156":2,"159":1,"166":2,"167":2,"170":1,"177":1,"178":1,"182":1,"183":1}},"/home/travis/build/npmtest/node-npmtest-casperjs/lib.npmtest_casperjs.js":{"path":"/home/travis/build/npmtest/node-npmtest-casperjs/lib.npmtest_casperjs.js","s":{"1":2,"2":2,"3":2,"4":2,"5":2,"6":2,"7":2,"8":1,"9":2,"10":2,"11":2,"12":2,"13":1,"14":1,"15":1,"16":1},"b":{"1":[2,1,1,1],"2":[1,1,1,1],"3":[1,1],"4":[2,2],"5":[1,1]},"f":{"1":2,"2":2,"3":2},"fnMap":{"1":{"name":"(anonymous_1)","line":12,"loc":{"start":{"line":12,"column":1},"end":{"line":12,"column":13}}},"2":{"name":"(anonymous_2)","line":19,"loc":{"start":{"line":19,"column":5},"end":{"line":19,"column":17}}},"3":{"name":"(anonymous_3)","line":23,"loc":{"start":{"line":23,"column":24},"end":{"line":23,"column":36}}}},"statementMap":{"1":{"start":{"line":12,"column":0},"end":{"line":53,"column":5}},"2":{"start":{"line":14,"column":4},"end":{"line":14,"column":14}},"3":{"start":{"line":19,"column":4},"end":{"line":52,"column":9}},"4":{"start":{"line":21,"column":8},"end":{"line":21,"column":19}},"5":{"start":{"line":23,"column":8},"end":{"line":35,"column":13}},"6":{"start":{"line":24,"column":12},"end":{"line":34,"column":13}},"7":{"start":{"line":25,"column":16},"end":{"line":28,"column":30}},"8":{"start":{"line":30,"column":16},"end":{"line":33,"column":27}},"9":{"start":{"line":37,"column":8},"end":{"line":39,"column":21}},"10":{"start":{"line":41,"column":8},"end":{"line":41,"column":54}},"11":{"start":{"line":43,"column":8},"end":{"line":43,"column":53}},"12":{"start":{"line":45,"column":8},"end":{"line":51,"column":9}},"13":{"start":{"line":46,"column":12},"end":{"line":46,"column":59}},"14":{"start":{"line":48,"column":12},"end":{"line":48,"column":35}},"15":{"start":{"line":49,"column":12},"end":{"line":49,"column":49}},"16":{"start":{"line":50,"column":12},"end":{"line":50,"column":43}}},"branchMap":{"1":{"line":25,"type":"binary-expr","locations":[{"start":{"line":25,"column":23},"end":{"line":25,"column":62}},{"start":{"line":26,"column":20},"end":{"line":26,"column":70}},{"start":{"line":27,"column":20},"end":{"line":27,"column":71}},{"start":{"line":28,"column":20},"end":{"line":28,"column":29}}]},"2":{"line":30,"type":"binary-expr","locations":[{"start":{"line":30,"column":23},"end":{"line":30,"column":37}},{"start":{"line":31,"column":20},"end":{"line":31,"column":61}},{"start":{"line":32,"column":20},"end":{"line":32,"column":70}},{"start":{"line":33,"column":20},"end":{"line":33,"column":26}}]},"3":{"line":37,"type":"cond-expr","locations":[{"start":{"line":38,"column":14},"end":{"line":38,"column":20}},{"start":{"line":39,"column":14},"end":{"line":39,"column":20}}]},"4":{"line":41,"type":"binary-expr","locations":[{"start":{"line":41,"column":16},"end":{"line":41,"column":44}},{"start":{"line":41,"column":48},"end":{"line":41,"column":53}}]},"5":{"line":45,"type":"if","locations":[{"start":{"line":45,"column":8},"end":{"line":45,"column":8}},{"start":{"line":45,"column":8},"end":{"line":45,"column":8}}]}},"code":["/* istanbul instrument in package npmtest_casperjs */","/*jslint","    bitwise: true,","    browser: true,","    maxerr: 8,","    maxlen: 96,","    node: true,","    nomen: true,","    regexp: true,","    stupid: true","*/","(function () {","    'use strict';","    var local;","","","","    // run shared js-env code - pre-init","    (function () {","        // init local","        local = {};","        // init modeJs","        local.modeJs = (function () {","            try {","                return typeof navigator.userAgent === 'string' &&","                    typeof document.querySelector('body') === 'object' &&","                    typeof XMLHttpRequest.prototype.open === 'function' &&","                    'browser';","            } catch (errorCaughtBrowser) {","                return module.exports &&","                    typeof process.versions.node === 'string' &&","                    typeof require('http').createServer === 'function' &&","                    'node';","            }","        }());","        // init global","        local.global = local.modeJs === 'browser'","            ? window","            : global;","        // init utility2_rollup","        local = local.global.utility2_rollup || local;","        // init lib","        local.local = local.npmtest_casperjs = local;","        // init exports","        if (local.modeJs === 'browser') {","            local.global.utility2_npmtest_casperjs = local;","        } else {","            module.exports = local;","            module.exports.__dirname = __dirname;","            module.exports.module = module;","        }","    }());","}());",""],"l":{"12":2,"14":2,"19":2,"21":2,"23":2,"24":2,"25":2,"30":1,"37":2,"41":2,"43":2,"45":2,"46":1,"48":1,"49":1,"50":1}},"/home/travis/build/npmtest/node-npmtest-casperjs/example.js":{"path":"/home/travis/build/npmtest/node-npmtest-casperjs/example.js","s":{"1":2,"2":2,"3":2,"4":2,"5":2,"6":2,"7":2,"8":1,"9":2,"10":2,"11":2,"12":2,"13":1,"14":2,"15":2,"16":2,"17":2,"18":2,"19":0,"20":2,"21":1,"22":1,"23":1,"24":1,"25":1,"26":0,"27":0,"28":1,"29":1,"30":2,"31":0,"32":0,"33":0,"34":1,"35":2,"36":2,"37":2,"38":2,"39":2,"40":2,"41":0,"42":2,"43":2,"44":2,"45":1,"46":3,"47":1,"48":1,"49":1,"50":1,"51":1,"52":1,"53":1,"54":1,"55":1,"56":1,"57":0,"58":1,"59":6,"60":6,"61":1,"62":2,"63":0,"64":2,"65":1,"66":1,"67":0,"68":0,"69":0,"70":0,"71":0,"72":0,"73":0,"74":0,"75":0,"76":0,"77":0,"78":0,"79":0,"80":0,"81":0,"82":0,"83":0},"b":{"1":[2,1,1,1],"2":[1,1,1,1],"3":[1,1],"4":[2,2],"5":[1,1],"6":[1,1],"7":[2,0],"8":[2,1,1,1,1,1],"9":[0,2,0],"10":[1,1],"11":[2,1,1],"12":[1,0],"13":[0,2],"14":[2,0,0,0,0,0,0],"15":[0,2],"16":[2,0],"17":[1,1],"18":[0,1],"19":[1,2,0,2],"20":[1,0],"21":[1,1],"22":[0,0],"23":[0,0],"24":[0,0],"25":[0,0],"26":[0,0],"27":[0,0],"28":[0,0]},"f":{"1":2,"2":2,"3":2,"4":2,"5":2,"6":2,"7":2,"8":2,"9":3,"10":1,"11":6,"12":0},"fnMap":{"1":{"name":"(anonymous_1)","line":26,"loc":{"start":{"line":26,"column":1},"end":{"line":26,"column":13}}},"2":{"name":"(anonymous_2)","line":33,"loc":{"start":{"line":33,"column":5},"end":{"line":33,"column":17}}},"3":{"name":"(anonymous_3)","line":37,"loc":{"start":{"line":37,"column":24},"end":{"line":37,"column":36}}},"4":{"name":"(anonymous_4)","line":69,"loc":{"start":{"line":69,"column":31},"end":{"line":69,"column":48}},"skip":true},"5":{"name":"(anonymous_5)","line":78,"loc":{"start":{"line":78,"column":26},"end":{"line":78,"column":45}},"skip":true},"6":{"name":"(anonymous_6)","line":123,"loc":{"start":{"line":123,"column":33},"end":{"line":123,"column":48}},"skip":true},"7":{"name":"(anonymous_7)","line":125,"loc":{"start":{"line":125,"column":27},"end":{"line":125,"column":39}},"skip":true},"8":{"name":"(anonymous_8)","line":133,"loc":{"start":{"line":133,"column":59},"end":{"line":133,"column":74}},"skip":true},"9":{"name":"(anonymous_9)","line":143,"loc":{"start":{"line":143,"column":45},"end":{"line":143,"column":62}},"skip":true},"10":{"name":"(anonymous_10)","line":144,"loc":{"start":{"line":144,"column":73},"end":{"line":144,"column":92}},"skip":true},"11":{"name":"(anonymous_11)","line":272,"loc":{"start":{"line":272,"column":51},"end":{"line":272,"column":77}},"skip":true},"12":{"name":"(anonymous_12)","line":314,"loc":{"start":{"line":314,"column":32},"end":{"line":314,"column":61}},"skip":true}},"statementMap":{"1":{"start":{"line":26,"column":0},"end":{"line":325,"column":5}},"2":{"start":{"line":28,"column":4},"end":{"line":28,"column":14}},"3":{"start":{"line":33,"column":4},"end":{"line":60,"column":9}},"4":{"start":{"line":35,"column":8},"end":{"line":35,"column":19}},"5":{"start":{"line":37,"column":8},"end":{"line":49,"column":13}},"6":{"start":{"line":38,"column":12},"end":{"line":48,"column":13}},"7":{"start":{"line":39,"column":16},"end":{"line":42,"column":30}},"8":{"start":{"line":44,"column":16},"end":{"line":47,"column":27}},"9":{"start":{"line":51,"column":8},"end":{"line":53,"column":21}},"10":{"start":{"line":55,"column":8},"end":{"line":57,"column":45}},"11":{"start":{"line":59,"column":8},"end":{"line":59,"column":35}},"12":{"start":{"line":61,"column":4},"end":{"line":324,"column":5}},"13":{"start":{"line":69,"column":8},"end":{"line":121,"column":10},"skip":true},"14":{"start":{"line":70,"column":12},"end":{"line":88,"column":13},"skip":true},"15":{"start":{"line":76,"column":16},"end":{"line":87,"column":19},"skip":true},"16":{"start":{"line":79,"column":20},"end":{"line":86,"column":21},"skip":true},"17":{"start":{"line":82,"column":24},"end":{"line":82,"column":43},"skip":true},"18":{"start":{"line":83,"column":24},"end":{"line":83,"column":30},"skip":true},"19":{"start":{"line":85,"column":24},"end":{"line":85,"column":49},"skip":true},"20":{"start":{"line":89,"column":12},"end":{"line":107,"column":13},"skip":true},"21":{"start":{"line":92,"column":16},"end":{"line":102,"column":17},"skip":true},"22":{"start":{"line":93,"column":20},"end":{"line":93,"column":86},"skip":true},"23":{"start":{"line":94,"column":20},"end":{"line":95,"column":45},"skip":true},"24":{"start":{"line":96,"column":20},"end":{"line":96,"column":42},"skip":true},"25":{"start":{"line":97,"column":20},"end":{"line":97,"column":48},"skip":true},"26":{"start":{"line":100,"column":20},"end":{"line":100,"column":85},"skip":true},"27":{"start":{"line":101,"column":20},"end":{"line":101,"column":96},"skip":true},"28":{"start":{"line":103,"column":16},"end":{"line":103,"column":22},"skip":true},"29":{"start":{"line":106,"column":16},"end":{"line":106,"column":22},"skip":true},"30":{"start":{"line":108,"column":12},"end":{"line":120,"column":13},"skip":true},"31":{"start":{"line":114,"column":16},"end":{"line":119,"column":17},"skip":true},"32":{"start":{"line":116,"column":20},"end":{"line":116,"column":78},"skip":true},"33":{"start":{"line":118,"column":20},"end":{"line":118,"column":47},"skip":true},"34":{"start":{"line":123,"column":8},"end":{"line":141,"column":11},"skip":true},"35":{"start":{"line":124,"column":12},"end":{"line":124,"column":54},"skip":true},"36":{"start":{"line":125,"column":12},"end":{"line":140,"column":14},"skip":true},"37":{"start":{"line":126,"column":16},"end":{"line":126,"column":28},"skip":true},"38":{"start":{"line":127,"column":16},"end":{"line":127,"column":69},"skip":true},"39":{"start":{"line":128,"column":16},"end":{"line":128,"column":75},"skip":true},"40":{"start":{"line":129,"column":16},"end":{"line":131,"column":17},"skip":true},"41":{"start":{"line":130,"column":20},"end":{"line":130,"column":27},"skip":true},"42":{"start":{"line":133,"column":16},"end":{"line":137,"column":36},"skip":true},"43":{"start":{"line":134,"column":20},"end":{"line":136,"column":55},"skip":true},"44":{"start":{"line":139,"column":16},"end":{"line":139,"column":57},"skip":true},"45":{"start":{"line":143,"column":8},"end":{"line":147,"column":11},"skip":true},"46":{"start":{"line":144,"column":12},"end":{"line":146,"column":15},"skip":true},"47":{"start":{"line":145,"column":16},"end":{"line":145,"column":70},"skip":true},"48":{"start":{"line":149,"column":8},"end":{"line":149,"column":31},"skip":true},"49":{"start":{"line":150,"column":8},"end":{"line":150,"column":14},"skip":true},"50":{"start":{"line":158,"column":8},"end":{"line":158,"column":31},"skip":true},"51":{"start":{"line":160,"column":8},"end":{"line":160,"column":33},"skip":true},"52":{"start":{"line":161,"column":8},"end":{"line":161,"column":37},"skip":true},"53":{"start":{"line":162,"column":8},"end":{"line":162,"column":35},"skip":true},"54":{"start":{"line":164,"column":8},"end":{"line":164,"column":50},"skip":true},"55":{"start":{"line":166,"column":8},"end":{"line":256,"column":2},"skip":true},"56":{"start":{"line":258,"column":8},"end":{"line":286,"column":9},"skip":true},"57":{"start":{"line":259,"column":12},"end":{"line":269,"column":14},"skip":true},"58":{"start":{"line":271,"column":12},"end":{"line":285,"column":19},"skip":true},"59":{"start":{"line":274,"column":20},"end":{"line":274,"column":35},"skip":true},"60":{"start":{"line":275,"column":20},"end":{"line":284,"column":21},"skip":true},"61":{"start":{"line":277,"column":24},"end":{"line":277,"column":64},"skip":true},"62":{"start":{"line":279,"column":24},"end":{"line":279,"column":40},"skip":true},"63":{"start":{"line":281,"column":24},"end":{"line":281,"column":40},"skip":true},"64":{"start":{"line":283,"column":24},"end":{"line":283,"column":39},"skip":true},"65":{"start":{"line":288,"column":8},"end":{"line":290,"column":9},"skip":true},"66":{"start":{"line":289,"column":12},"end":{"line":289,"column":18},"skip":true},"67":{"start":{"line":291,"column":8},"end":{"line":293,"column":54},"skip":true},"68":{"start":{"line":294,"column":8},"end":{"line":301,"column":37},"skip":true},"69":{"start":{"line":302,"column":8},"end":{"line":302,"column":82},"skip":true},"70":{"start":{"line":305,"column":8},"end":{"line":307,"column":9},"skip":true},"71":{"start":{"line":306,"column":12},"end":{"line":306,"column":82},"skip":true},"72":{"start":{"line":309,"column":8},"end":{"line":311,"column":9},"skip":true},"73":{"start":{"line":310,"column":12},"end":{"line":310,"column":18},"skip":true},"74":{"start":{"line":312,"column":8},"end":{"line":312,"column":54},"skip":true},"75":{"start":{"line":313,"column":8},"end":{"line":313,"column":69},"skip":true},"76":{"start":{"line":314,"column":8},"end":{"line":322,"column":36},"skip":true},"77":{"start":{"line":315,"column":12},"end":{"line":315,"column":61},"skip":true},"78":{"start":{"line":316,"column":12},"end":{"line":319,"column":13},"skip":true},"79":{"start":{"line":317,"column":16},"end":{"line":317,"column":75},"skip":true},"80":{"start":{"line":318,"column":16},"end":{"line":318,"column":23},"skip":true},"81":{"start":{"line":320,"column":12},"end":{"line":320,"column":38},"skip":true},"82":{"start":{"line":321,"column":12},"end":{"line":321,"column":27},"skip":true},"83":{"start":{"line":323,"column":8},"end":{"line":323,"column":14},"skip":true}},"branchMap":{"1":{"line":39,"type":"binary-expr","locations":[{"start":{"line":39,"column":23},"end":{"line":39,"column":62}},{"start":{"line":40,"column":20},"end":{"line":40,"column":70}},{"start":{"line":41,"column":20},"end":{"line":41,"column":71}},{"start":{"line":42,"column":20},"end":{"line":42,"column":29}}]},"2":{"line":44,"type":"binary-expr","locations":[{"start":{"line":44,"column":23},"end":{"line":44,"column":37}},{"start":{"line":45,"column":20},"end":{"line":45,"column":61}},{"start":{"line":46,"column":20},"end":{"line":46,"column":70}},{"start":{"line":47,"column":20},"end":{"line":47,"column":26}}]},"3":{"line":51,"type":"cond-expr","locations":[{"start":{"line":52,"column":14},"end":{"line":52,"column":20}},{"start":{"line":53,"column":14},"end":{"line":53,"column":20}}]},"4":{"line":55,"type":"binary-expr","locations":[{"start":{"line":55,"column":16},"end":{"line":55,"column":44}},{"start":{"line":55,"column":49},"end":{"line":57,"column":43}}]},"5":{"line":55,"type":"cond-expr","locations":[{"start":{"line":56,"column":14},"end":{"line":56,"column":52}},{"start":{"line":57,"column":14},"end":{"line":57,"column":43}}]},"6":{"line":61,"type":"switch","locations":[{"start":{"line":68,"column":4},"end":{"line":150,"column":14},"skip":true},{"start":{"line":156,"column":4},"end":{"line":323,"column":14},"skip":true}]},"7":{"line":70,"type":"if","locations":[{"start":{"line":70,"column":12},"end":{"line":70,"column":12},"skip":true},{"start":{"line":70,"column":12},"end":{"line":70,"column":12},"skip":true}]},"8":{"line":70,"type":"binary-expr","locations":[{"start":{"line":70,"column":16},"end":{"line":70,"column":22},"skip":true},{"start":{"line":70,"column":27},"end":{"line":70,"column":32},"skip":true},{"start":{"line":71,"column":20},"end":{"line":71,"column":39},"skip":true},{"start":{"line":72,"column":20},"end":{"line":72,"column":49},"skip":true},{"start":{"line":73,"column":20},"end":{"line":73,"column":58},"skip":true},{"start":{"line":74,"column":20},"end":{"line":74,"column":69},"skip":true}]},"9":{"line":79,"type":"switch","locations":[{"start":{"line":80,"column":20},"end":{"line":80,"column":33},"skip":true},{"start":{"line":81,"column":20},"end":{"line":83,"column":30},"skip":true},{"start":{"line":84,"column":20},"end":{"line":85,"column":49},"skip":true}]},"10":{"line":89,"type":"switch","locations":[{"start":{"line":90,"column":12},"end":{"line":103,"column":22},"skip":true},{"start":{"line":105,"column":12},"end":{"line":106,"column":22},"skip":true}]},"11":{"line":89,"type":"binary-expr","locations":[{"start":{"line":89,"column":20},"end":{"line":89,"column":25},"skip":true},{"start":{"line":89,"column":29},"end":{"line":89,"column":48},"skip":true},{"start":{"line":89,"column":52},"end":{"line":89,"column":74},"skip":true}]},"12":{"line":92,"type":"if","locations":[{"start":{"line":92,"column":16},"end":{"line":92,"column":16},"skip":true},{"start":{"line":92,"column":16},"end":{"line":92,"column":16},"skip":true}]},"13":{"line":108,"type":"if","locations":[{"start":{"line":108,"column":12},"end":{"line":108,"column":12},"skip":true},{"start":{"line":108,"column":12},"end":{"line":108,"column":12},"skip":true}]},"14":{"line":108,"type":"binary-expr","locations":[{"start":{"line":108,"column":16},"end":{"line":108,"column":61},"skip":true},{"start":{"line":108,"column":66},"end":{"line":108,"column":72},"skip":true},{"start":{"line":108,"column":77},"end":{"line":108,"column":82},"skip":true},{"start":{"line":109,"column":20},"end":{"line":109,"column":39},"skip":true},{"start":{"line":110,"column":20},"end":{"line":110,"column":49},"skip":true},{"start":{"line":111,"column":20},"end":{"line":111,"column":58},"skip":true},{"start":{"line":112,"column":20},"end":{"line":112,"column":68},"skip":true}]},"15":{"line":129,"type":"if","locations":[{"start":{"line":129,"column":16},"end":{"line":129,"column":16},"skip":true},{"start":{"line":129,"column":16},"end":{"line":129,"column":16},"skip":true}]},"16":{"line":134,"type":"cond-expr","locations":[{"start":{"line":135,"column":26},"end":{"line":135,"column":29},"skip":true},{"start":{"line":136,"column":26},"end":{"line":136,"column":54},"skip":true}]},"17":{"line":164,"type":"binary-expr","locations":[{"start":{"line":164,"column":27},"end":{"line":164,"column":43},"skip":true},{"start":{"line":164,"column":47},"end":{"line":164,"column":49},"skip":true}]},"18":{"line":258,"type":"if","locations":[{"start":{"line":258,"column":8},"end":{"line":258,"column":8},"skip":true},{"start":{"line":258,"column":8},"end":{"line":258,"column":8},"skip":true}]},"19":{"line":275,"type":"switch","locations":[{"start":{"line":276,"column":20},"end":{"line":277,"column":64},"skip":true},{"start":{"line":278,"column":20},"end":{"line":279,"column":40},"skip":true},{"start":{"line":280,"column":20},"end":{"line":281,"column":40},"skip":true},{"start":{"line":282,"column":20},"end":{"line":283,"column":39},"skip":true}]},"20":{"line":288,"type":"if","locations":[{"start":{"line":288,"column":8},"end":{"line":288,"column":8},"skip":true},{"start":{"line":288,"column":8},"end":{"line":288,"column":8},"skip":true}]},"21":{"line":288,"type":"binary-expr","locations":[{"start":{"line":288,"column":12},"end":{"line":288,"column":40},"skip":true},{"start":{"line":288,"column":44},"end":{"line":288,"column":67},"skip":true}]},"22":{"line":292,"type":"binary-expr","locations":[{"start":{"line":292,"column":12},"end":{"line":292,"column":50},"skip":true},{"start":{"line":293,"column":12},"end":{"line":293,"column":53},"skip":true}]},"23":{"line":295,"type":"binary-expr","locations":[{"start":{"line":295,"column":12},"end":{"line":295,"column":66},"skip":true},{"start":{"line":296,"column":12},"end":{"line":301,"column":36},"skip":true}]},"24":{"line":302,"type":"binary-expr","locations":[{"start":{"line":302,"column":43},"end":{"line":302,"column":75},"skip":true},{"start":{"line":302,"column":79},"end":{"line":302,"column":81},"skip":true}]},"25":{"line":305,"type":"if","locations":[{"start":{"line":305,"column":8},"end":{"line":305,"column":8},"skip":true},{"start":{"line":305,"column":8},"end":{"line":305,"column":8},"skip":true}]},"26":{"line":309,"type":"if","locations":[{"start":{"line":309,"column":8},"end":{"line":309,"column":8},"skip":true},{"start":{"line":309,"column":8},"end":{"line":309,"column":8},"skip":true}]},"27":{"line":312,"type":"binary-expr","locations":[{"start":{"line":312,"column":27},"end":{"line":312,"column":43},"skip":true},{"start":{"line":312,"column":47},"end":{"line":312,"column":53},"skip":true}]},"28":{"line":316,"type":"if","locations":[{"start":{"line":316,"column":12},"end":{"line":316,"column":12},"skip":true},{"start":{"line":316,"column":12},"end":{"line":316,"column":12},"skip":true}]}},"code":["/*","example.js","","quickstart example","","instruction","    1. save this script as example.js","    2. run the shell command:","        $ npm install npmtest-casperjs && PORT=8081 node example.js","    3. play with the browser-demo on http://127.0.0.1:8081","*/","","","","/* istanbul instrument in package npmtest_casperjs */","/*jslint","    bitwise: true,","    browser: true,","    maxerr: 8,","    maxlen: 96,","    node: true,","    nomen: true,","    regexp: true,","    stupid: true","*/","(function () {","    'use strict';","    var local;","","","","    // run shared js-env code - pre-init","    (function () {","        // init local","        local = {};","        // init modeJs","        local.modeJs = (function () {","            try {","                return typeof navigator.userAgent === 'string' &&","                    typeof document.querySelector('body') === 'object' &&","                    typeof XMLHttpRequest.prototype.open === 'function' &&","                    'browser';","            } catch (errorCaughtBrowser) {","                return module.exports &&","                    typeof process.versions.node === 'string' &&","                    typeof require('http').createServer === 'function' &&","                    'node';","            }","        }());","        // init global","        local.global = local.modeJs === 'browser'","            ? window","            : global;","        // init utility2_rollup","        local = local.global.utility2_rollup || (local.modeJs === 'browser'","            ? local.global.utility2_npmtest_casperjs","            : global.utility2_moduleExports);","        // export local","        local.global.local = local;","    }());","    switch (local.modeJs) {","","","","    // post-init","    // run browser js-env code - post-init","    /* istanbul ignore next */","    case 'browser':","        local.testRunBrowser = function (event) {","            if (!event || (event &&","                    event.currentTarget &&","                    event.currentTarget.className &&","                    event.currentTarget.className.includes &&","                    event.currentTarget.className.includes('onreset'))) {","                // reset output","                Array.from(","                    document.querySelectorAll('body > .resettable')","                ).forEach(function (element) {","                    switch (element.tagName) {","                    case 'INPUT':","                    case 'TEXTAREA':","                        element.value = '';","                        break;","                    default:","                        element.textContent = '';","                    }","                });","            }","            switch (event && event.currentTarget && event.currentTarget.id) {","            case 'testRunButton1':","                // show tests","                if (document.querySelector('#testReportDiv1').style.display === 'none') {","                    document.querySelector('#testReportDiv1').style.display = 'block';","                    document.querySelector('#testRunButton1').textContent =","                        'hide internal test';","                    local.modeTest = true;","                    local.testRunDefault(local);","                // hide tests","                } else {","                    document.querySelector('#testReportDiv1').style.display = 'none';","                    document.querySelector('#testRunButton1').textContent = 'run internal test';","                }","                break;","            // custom-case","            default:","                break;","            }","            if (document.querySelector('#inputTextareaEval1') && (!event || (event &&","                    event.currentTarget &&","                    event.currentTarget.className &&","                    event.currentTarget.className.includes &&","                    event.currentTarget.className.includes('oneval')))) {","                // try to eval input-code","                try {","                    /*jslint evil: true*/","                    eval(document.querySelector('#inputTextareaEval1').value);","                } catch (errorCaught) {","                    console.error(errorCaught);","                }","            }","        };","        // log stderr and stdout to #outputTextareaStdout1","        ['error', 'log'].forEach(function (key) {","            console[key + '_original'] = console[key];","            console[key] = function () {","                var element;","                console[key + '_original'].apply(console, arguments);","                element = document.querySelector('#outputTextareaStdout1');","                if (!element) {","                    return;","                }","                // append text to #outputTextareaStdout1","                element.value += Array.from(arguments).map(function (arg) {","                    return typeof arg === 'string'","                        ? arg","                        : JSON.stringify(arg, null, 4);","                }).join(' ') + '\\n';","                // scroll textarea to bottom","                element.scrollTop = element.scrollHeight;","            };","        });","        // init event-handling","        ['change', 'click', 'keyup'].forEach(function (event) {","            Array.from(document.querySelectorAll('.on' + event)).forEach(function (element) {","                element.addEventListener(event, local.testRunBrowser);","            });","        });","        // run tests","        local.testRunBrowser();","        break;","","","","    // run node js-env code - post-init","    /* istanbul ignore next */","    case 'node':","        // export local","        module.exports = local;","        // require modules","        local.fs = require('fs');","        local.http = require('http');","        local.url = require('url');","        // init assets","        local.assetsDict = local.assetsDict || {};","        /* jslint-ignore-begin */","        local.assetsDict['/assets.index.template.html'] = '\\","<!doctype html>\\n\\","<html lang=\"en\">\\n\\","<head>\\n\\","<meta charset=\"UTF-8\">\\n\\","<meta name=\"viewport\" content=\"width=device-width, initial-scale=1\">\\n\\","<title>{{env.npm_package_name}} (v{{env.npm_package_version}})</title>\\n\\","<style>\\n\\","/*csslint\\n\\","    box-sizing: false,\\n\\","    universal-selector: false\\n\\","*/\\n\\","* {\\n\\","    box-sizing: border-box;\\n\\","}\\n\\","body {\\n\\","    background: #dde;\\n\\","    font-family: Arial, Helvetica, sans-serif;\\n\\","    margin: 2rem;\\n\\","}\\n\\","body > * {\\n\\","    margin-bottom: 1rem;\\n\\","}\\n\\",".utility2FooterDiv {\\n\\","    margin-top: 20px;\\n\\","    text-align: center;\\n\\","}\\n\\","</style>\\n\\","<style>\\n\\","/*csslint\\n\\","*/\\n\\","textarea {\\n\\","    font-family: monospace;\\n\\","    height: 10rem;\\n\\","    width: 100%;\\n\\","}\\n\\","textarea[readonly] {\\n\\","    background: #ddd;\\n\\","}\\n\\","</style>\\n\\","</head>\\n\\","<body>\\n\\","<!-- utility2-comment\\n\\","<div id=\"ajaxProgressDiv1\" style=\"background: #d00; height: 2px; left: 0; margin: 0; padding: 0; position: fixed; top: 0; transition: background 0.5s, width 1.5s; width: 25%;\"></div>\\n\\","utility2-comment -->\\n\\","<h1>\\n\\","<!-- utility2-comment\\n\\","    <a\\n\\","        {{#if env.npm_package_homepage}}\\n\\","        href=\"{{env.npm_package_homepage}}\"\\n\\","        {{/if env.npm_package_homepage}}\\n\\","        target=\"_blank\"\\n\\","    >\\n\\","utility2-comment -->\\n\\","        {{env.npm_package_name}} (v{{env.npm_package_version}})\\n\\","<!-- utility2-comment\\n\\","    </a>\\n\\","utility2-comment -->\\n\\","</h1>\\n\\","<h3>{{env.npm_package_description}}</h3>\\n\\","<!-- utility2-comment\\n\\","<h4><a download href=\"assets.app.js\">download standalone app</a></h4>\\n\\","<button class=\"onclick onreset\" id=\"testRunButton1\">run internal test</button><br>\\n\\","<div id=\"testReportDiv1\" style=\"display: none;\"></div>\\n\\","utility2-comment -->\\n\\","\\n\\","\\n\\","\\n\\","<label>stderr and stdout</label>\\n\\","<textarea class=\"resettable\" id=\"outputTextareaStdout1\" readonly></textarea>\\n\\","<!-- utility2-comment\\n\\","{{#if isRollup}}\\n\\","<script src=\"assets.app.js\"></script>\\n\\","{{#unless isRollup}}\\n\\","utility2-comment -->\\n\\","<script src=\"assets.utility2.rollup.js\"></script>\\n\\","<script src=\"jsonp.utility2._stateInit?callback=window.utility2._stateInit\"></script>\\n\\","<script src=\"assets.npmtest_casperjs.rollup.js\"></script>\\n\\","<script src=\"assets.example.js\"></script>\\n\\","<script src=\"assets.test.js\"></script>\\n\\","<!-- utility2-comment\\n\\","{{/if isRollup}}\\n\\","utility2-comment -->\\n\\","<div class=\"utility2FooterDiv\">\\n\\","    [ this app was created with\\n\\","    <a href=\"https://github.com/kaizhu256/node-utility2\" target=\"_blank\">utility2</a>\\n\\","    ]\\n\\","</div>\\n\\","</body>\\n\\","</html>\\n\\","';","        /* jslint-ignore-end */","        if (local.templateRender) {","            local.assetsDict['/'] = local.templateRender(","                local.assetsDict['/assets.index.template.html'],","                {","                    env: local.objectSetDefault(local.env, {","                        npm_package_description: 'the greatest app in the world!',","                        npm_package_name: 'my-app',","                        npm_package_nameAlias: 'my_app',","                        npm_package_version: '0.0.1'","                    })","                }","            );","        } else {","            local.assetsDict['/'] = local.assetsDict['/assets.index.template.html']","                .replace((/\\{\\{env\\.(\\w+?)\\}\\}/g), function (match0, match1) {","                    // jslint-hack","                    String(match0);","                    switch (match1) {","                    case 'npm_package_description':","                        return 'the greatest app in the world!';","                    case 'npm_package_name':","                        return 'my-app';","                    case 'npm_package_nameAlias':","                        return 'my_app';","                    case 'npm_package_version':","                        return '0.0.1';","                    }","                });","        }","        // run the cli","        if (local.global.utility2_rollup || module !== require.main) {","            break;","        }","        local.assetsDict['/assets.example.js'] =","            local.assetsDict['/assets.example.js'] ||","            local.fs.readFileSync(__filename, 'utf8');","        local.assetsDict['/assets.npmtest_casperjs.rollup.js'] =","            local.assetsDict['/assets.npmtest_casperjs.rollup.js'] ||","            local.fs.readFileSync(","                // buildCustomOrg-hack","                local.npmtest_casperjs.__dirname +","                    '/lib.npmtest_casperjs.js',","                'utf8'","            ).replace((/^#!/), '//');","        local.assetsDict['/favicon.ico'] = local.assetsDict['/favicon.ico'] || '';","        // if $npm_config_timeout_exit exists,","        // then exit this process after $npm_config_timeout_exit ms","        if (Number(process.env.npm_config_timeout_exit)) {","            setTimeout(process.exit, Number(process.env.npm_config_timeout_exit));","        }","        // start server","        if (local.global.utility2_serverHttp1) {","            break;","        }","        process.env.PORT = process.env.PORT || '8081';","        console.error('server starting on port ' + process.env.PORT);","        local.http.createServer(function (request, response) {","            request.urlParsed = local.url.parse(request.url);","            if (local.assetsDict[request.urlParsed.pathname] !== undefined) {","                response.end(local.assetsDict[request.urlParsed.pathname]);","                return;","            }","            response.statusCode = 404;","            response.end();","        }).listen(process.env.PORT);","        break;","    }","}());",""],"l":{"26":2,"28":2,"33":2,"35":2,"37":2,"38":2,"39":2,"44":1,"51":2,"55":2,"59":2,"61":2,"69":1,"70":2,"76":2,"79":2,"82":2,"83":2,"85":1,"89":2,"92":1,"93":1,"94":1,"96":1,"97":1,"100":1,"101":1,"103":1,"106":1,"108":2,"114":1,"116":1,"118":1,"123":1,"124":2,"125":2,"126":2,"127":2,"128":2,"129":2,"130":1,"133":2,"134":2,"139":2,"143":1,"144":3,"145":1,"149":1,"150":1,"158":1,"160":1,"161":1,"162":1,"164":1,"166":1,"258":1,"259":1,"271":1,"274":6,"275":6,"277":1,"279":2,"281":1,"283":2,"288":1,"289":1,"291":1,"294":1,"302":1,"305":1,"306":1,"309":1,"310":1,"312":1,"313":1,"314":1,"315":1,"316":1,"317":1,"318":1,"320":1,"321":1,"323":1}},"/home/travis/build/npmtest/node-npmtest-casperjs/node_modules/casperjs/modules/casper.js":{"path":"/home/travis/build/npmtest/node-npmtest-casperjs/node_modules/casperjs/modules/casper.js","s":{"1":2,"2":0,"3":0,"4":0,"5":0,"6":0,"7":0,"8":0,"9":0,"10":0,"11":0,"12":0,"13":0,"14":0,"15":0,"16":0,"17":0,"18":0,"19":1,"20":0,"21":0,"22":0,"23":0,"24":0,"25":0,"26":0,"27":0,"28":0,"29":0,"30":0,"31":0,"32":0,"33":0,"34":0,"35":0,"36":0,"37":0,"38":0,"39":0,"40":0,"41":0,"42":0,"43":0,"44":0,"45":0,"46":0,"47":0,"48":0,"49":0,"50":0,"51":0,"52":0,"53":0,"54":0,"55":0,"56":0,"57":0,"58":0,"59":0,"60":0,"61":0,"62":0,"63":0,"64":0,"65":0,"66":0,"67":0,"68":0,"69":0,"70":0,"71":0,"72":0,"73":0,"74":0,"75":0,"76":0,"77":0,"78":0,"79":0,"80":0,"81":0,"82":0,"83":0,"84":0,"85":0,"86":0,"87":0,"88":0,"89":0,"90":0,"91":0,"92":0,"93":0,"94":0,"95":0,"96":0,"97":0,"98":0,"99":0,"100":0,"101":0,"102":0,"103":0,"104":0,"105":0,"106":0,"107":0,"108":0,"109":0,"110":0,"111":0,"112":0,"113":0,"114":0,"115":0,"116":0,"117":0,"118":0,"119":0,"120":0,"121":0,"122":0,"123":0,"124":0,"125":0,"126":0,"127":0,"128":0,"129":0,"130":0,"131":0,"132":0,"133":0,"134":0,"135":0,"136":0,"137":0,"138":0,"139":0,"140":0,"141":0,"142":0,"143":0,"144":0,"145":0,"146":0,"147":0,"148":0,"149":0,"150":0,"151":0,"152":0,"153":0,"154":0,"155":0,"156":0,"157":0,"158":0,"159":0,"160":0,"161":0,"162":0,"163":0,"164":0,"165":0,"166":0,"167":0,"168":0,"169":0,"170":0,"171":0,"172":0,"173":0,"174":0,"175":0,"176":0,"177":0,"178":0,"179":0,"180":0,"181":0,"182":0,"183":0,"184":0,"185":0,"186":0,"187":0,"188":0,"189":0,"190":0,"191":0,"192":0,"193":0,"194":0,"195":0,"196":0,"197":0,"198":0,"199":0,"200":0,"201":0,"202":0,"203":0,"204":0,"205":0,"206":0,"207":0,"208":0,"209":0,"210":0,"211":0,"212":0,"213":0,"214":0,"215":0,"216":0,"217":0,"218":0,"219":0,"220":0,"221":0,"222":0,"223":0,"224":0,"225":0,"226":0,"227":0,"228":0,"229":0,"230":0,"231":0,"232":0,"233":0,"234":0,"235":0,"236":0,"237":0,"238":0,"239":0,"240":0,"241":0,"242":0,"243":0,"244":0,"245":0,"246":0,"247":0,"248":0,"249":0,"250":0,"251":0,"252":0,"253":0,"254":0,"255":0,"256":0,"257":0,"258":0,"259":0,"260":0,"261":0,"262":0,"263":0,"264":0,"265":0,"266":0,"267":0,"268":0,"269":0,"270":0,"271":0,"272":0,"273":0,"274":0,"275":0,"276":0,"277":0,"278":0,"279":0,"280":0,"281":0,"282":0,"283":0,"284":0,"285":0,"286":0,"287":0,"288":0,"289":0,"290":0,"291":0,"292":0,"293":0,"294":0,"295":0,"296":0,"297":0,"298":0,"299":0,"300":0,"301":0,"302":0,"303":0,"304":0,"305":0,"306":0,"307":0,"308":0,"309":0,"310":0,"311":0,"312":0,"313":0,"314":0,"315":0,"316":0,"317":0,"318":0,"319":0,"320":0,"321":0,"322":0,"323":0,"324":0,"325":0,"326":0,"327":0,"328":0,"329":0,"330":0,"331":0,"332":0,"333":0,"334":0,"335":0,"336":0,"337":0,"338":0,"339":0,"340":0,"341":0,"342":0,"343":0,"344":0,"345":0,"346":0,"347":0,"348":0,"349":0,"350":0,"351":0,"352":0,"353":0,"354":0,"355":0,"356":0,"357":0,"358":0,"359":0,"360":0,"361":0,"362":0,"363":0,"364":0,"365":0,"366":0,"367":0,"368":0,"369":0,"370":0,"371":0,"372":0,"373":0,"374":0,"375":0,"376":0,"377":0,"378":0,"379":0,"380":0,"381":0,"382":0,"383":0,"384":0,"385":0,"386":0,"387":0,"388":0,"389":0,"390":0,"391":0,"392":0,"393":0,"394":0,"395":0,"396":0,"397":0,"398":0,"399":0,"400":0,"401":0,"402":0,"403":0,"404":0,"405":0,"406":0,"407":0,"408":0,"409":0,"410":0,"411":0,"412":0,"413":0,"414":0,"415":0,"416":0,"417":0,"418":0,"419":0,"420":0,"421":0,"422":0,"423":0,"424":0,"425":0,"426":0,"427":0,"428":0,"429":0,"430":0,"431":0,"432":0,"433":0,"434":0,"435":0,"436":0,"437":0,"438":0,"439":0,"440":0,"441":0,"442":0,"443":0,"444":0,"445":0,"446":0,"447":0,"448":0,"449":0,"450":0,"451":0,"452":0,"453":0,"454":0,"455":0,"456":0,"457":0,"458":0,"459":0,"460":0,"461":0,"462":0,"463":0,"464":0,"465":0,"466":0,"467":0,"468":0,"469":0,"470":0,"471":0,"472":0,"473":0,"474":0,"475":0,"476":0,"477":0,"478":0,"479":0,"480":0,"481":0,"482":0,"483":0,"484":0,"485":0,"486":0,"487":0,"488":0,"489":0,"490":0,"491":0,"492":0,"493":0,"494":0,"495":0,"496":0,"497":0,"498":0,"499":0,"500":0,"501":0,"502":0,"503":0,"504":0,"505":0,"506":0,"507":0,"508":0,"509":0,"510":0,"511":0,"512":0,"513":0,"514":0,"515":0,"516":0,"517":0,"518":0,"519":0,"520":0,"521":0,"522":0,"523":0,"524":0,"525":0,"526":0,"527":0,"528":0,"529":0,"530":0,"531":0,"532":0,"533":0,"534":0,"535":0,"536":0,"537":0,"538":0,"539":0,"540":0,"541":0,"542":0,"543":0,"544":0,"545":0,"546":0,"547":0,"548":0,"549":0,"550":0,"551":0,"552":0,"553":0,"554":0,"555":0,"556":0,"557":0,"558":0,"559":0,"560":0,"561":0,"562":0,"563":0,"564":0,"565":0,"566":0,"567":0,"568":0,"569":0,"570":0,"571":0,"572":0,"573":0,"574":0,"575":0,"576":0,"577":0,"578":0,"579":0,"580":0,"581":0,"582":0,"583":0,"584":0,"585":0,"586":0,"587":0,"588":0,"589":0,"590":0,"591":0,"592":0,"593":0,"594":0,"595":0,"596":1,"597":0,"598":0,"599":0,"600":0,"601":0,"602":0,"603":0,"604":0,"605":0,"606":0,"607":0,"608":0,"609":0,"610":0,"611":0,"612":0,"613":0,"614":0,"615":0,"616":0,"617":0,"618":0,"619":0,"620":0,"621":0,"622":0,"623":0,"624":0,"625":0,"626":0,"627":0,"628":0,"629":0,"630":0,"631":0,"632":0,"633":0,"634":0,"635":0,"636":0,"637":0,"638":0,"639":0,"640":0,"641":0,"642":0,"643":0,"644":0,"645":0,"646":0,"647":0,"648":0,"649":0,"650":0,"651":0,"652":0,"653":0,"654":0,"655":0,"656":0,"657":0,"658":0,"659":0,"660":0,"661":0,"662":0,"663":0,"664":0,"665":0,"666":0,"667":0,"668":0,"669":0,"670":0,"671":0,"672":0,"673":0,"674":0,"675":0,"676":0,"677":0,"678":0,"679":0,"680":0,"681":0,"682":0,"683":0,"684":0,"685":0,"686":0,"687":0,"688":0,"689":0,"690":0,"691":0,"692":0,"693":0,"694":0,"695":0,"696":0,"697":0,"698":0,"699":0,"700":0,"701":0,"702":0,"703":0,"704":0,"705":0,"706":0,"707":0,"708":0,"709":0,"710":0,"711":0,"712":0,"713":0,"714":0,"715":0,"716":0,"717":0,"718":0,"719":0,"720":0,"721":0,"722":0,"723":0,"724":0,"725":0,"726":0,"727":0,"728":0,"729":0,"730":0,"731":0,"732":0,"733":0,"734":0,"735":0,"736":0,"737":0,"738":0,"739":0,"740":0,"741":0,"742":0,"743":0,"744":0,"745":0,"746":0,"747":0,"748":0,"749":0,"750":0,"751":0,"752":0,"753":0,"754":0,"755":0,"756":0,"757":0,"758":0,"759":0,"760":0,"761":0,"762":0,"763":0,"764":0,"765":0,"766":0,"767":0,"768":0,"769":0,"770":0,"771":0,"772":0,"773":0,"774":0,"775":0,"776":0,"777":0,"778":0,"779":0,"780":0,"781":0,"782":0,"783":0,"784":0,"785":0,"786":0,"787":0,"788":0,"789":0,"790":0,"791":0,"792":0,"793":0,"794":0,"795":0,"796":0,"797":0,"798":0,"799":1,"800":0,"801":0,"802":0,"803":0,"804":0,"805":0,"806":0,"807":0,"808":0,"809":0,"810":0,"811":0,"812":0,"813":0,"814":0,"815":0,"816":0,"817":0,"818":0,"819":0,"820":0,"821":0,"822":0,"823":0,"824":0,"825":0,"826":0,"827":0,"828":0,"829":0,"830":0,"831":0,"832":0,"833":0,"834":0,"835":0,"836":0,"837":0,"838":0,"839":0,"840":0,"841":0,"842":0,"843":0,"844":0,"845":0,"846":0,"847":0,"848":0,"849":0,"850":0,"851":0,"852":0,"853":0,"854":0,"855":0,"856":0,"857":0,"858":0,"859":0,"860":0,"861":0,"862":0,"863":0,"864":0,"865":1,"866":0,"867":0,"868":0,"869":0,"870":0,"871":0,"872":0,"873":0,"874":0,"875":0,"876":0,"877":0,"878":0,"879":0,"880":0,"881":0,"882":0,"883":0,"884":0,"885":0,"886":0,"887":0,"888":0,"889":0,"890":0,"891":0,"892":0,"893":0,"894":0,"895":0,"896":0,"897":0,"898":0,"899":0,"900":0,"901":0,"902":0,"903":0,"904":0,"905":0,"906":0,"907":0,"908":0,"909":0,"910":0,"911":0,"912":0,"913":0,"914":0,"915":0,"916":0,"917":0,"918":0,"919":0,"920":0,"921":0,"922":0,"923":0,"924":0,"925":0,"926":0,"927":0,"928":0,"929":0,"930":0,"931":0,"932":0,"933":0,"934":0,"935":0,"936":0,"937":0,"938":0,"939":0,"940":0,"941":0,"942":0,"943":0,"944":0,"945":0,"946":0,"947":0,"948":0,"949":0,"950":0,"951":0,"952":0,"953":0,"954":0,"955":0,"956":0,"957":0,"958":0,"959":0,"960":0,"961":0,"962":0,"963":0,"964":0,"965":0,"966":0,"967":0,"968":0,"969":0,"970":0,"971":0,"972":0,"973":0,"974":0,"975":0,"976":1,"977":0,"978":0,"979":0,"980":0,"981":0,"982":0,"983":0,"984":0,"985":0,"986":0,"987":0,"988":0,"989":0,"990":0,"991":0,"992":0,"993":0,"994":0,"995":0,"996":0,"997":0,"998":0,"999":0,"1000":0,"1001":0,"1002":0,"1003":0,"1004":0,"1005":0,"1006":0,"1007":0,"1008":0,"1009":0,"1010":0,"1011":0,"1012":0,"1013":0,"1014":0,"1015":0,"1016":0,"1017":0,"1018":0,"1019":0,"1020":0,"1021":0,"1022":0,"1023":0,"1024":0,"1025":0,"1026":0,"1027":0,"1028":0,"1029":0,"1030":0,"1031":0,"1032":0,"1033":0,"1034":0,"1035":0,"1036":0,"1037":0,"1038":0,"1039":0,"1040":0,"1041":0,"1042":0,"1043":0,"1044":0,"1045":0,"1046":0,"1047":0,"1048":0,"1049":0,"1050":0,"1051":0,"1052":0,"1053":0,"1054":0,"1055":0,"1056":0,"1057":0,"1058":0,"1059":0,"1060":0,"1061":0,"1062":0,"1063":0,"1064":0,"1065":0,"1066":0,"1067":0,"1068":0,"1069":0,"1070":0,"1071":0,"1072":0,"1073":0,"1074":0,"1075":0,"1076":0,"1077":0},"b":{"1":[0,0],"2":[0,0],"3":[0,0],"4":[0,0],"5":[0,0],"6":[0,0],"7":[0,0],"8":[0,0],"9":[0,0],"10":[0,0],"11":[0,0],"12":[0,0],"13":[0,0],"14":[0,0],"15":[0,0],"16":[0,0],"17":[0,0],"18":[0,0],"19":[0,0],"20":[0,0],"21":[0,0],"22":[0,0],"23":[0,0,0,0],"24":[0,0],"25":[0,0],"26":[0,0],"27":[0,0],"28":[0,0],"29":[0,0],"30":[0,0],"31":[0,0],"32":[0,0],"33":[0,0],"34":[0,0],"35":[0,0],"36":[0,0],"37":[0,0],"38":[0,0],"39":[0,0],"40":[0,0],"41":[0,0],"42":[0,0],"43":[0,0],"44":[0,0],"45":[0,0],"46":[0,0],"47":[0,0],"48":[0,0],"49":[0,0],"50":[0,0],"51":[0,0],"52":[0,0],"53":[0,0],"54":[0,0],"55":[0,0],"56":[0,0,0],"57":[0,0],"58":[0,0],"59":[0,0],"60":[0,0],"61":[0,0],"62":[0,0],"63":[0,0],"64":[0,0],"65":[0,0],"66":[0,0],"67":[0,0],"68":[0,0],"69":[0,0],"70":[0,0],"71":[0,0],"72":[0,0],"73":[0,0],"74":[0,0],"75":[0,0],"76":[0,0],"77":[0,0],"78":[0,0],"79":[0,0],"80":[0,0],"81":[0,0],"82":[0,0],"83":[0,0],"84":[0,0],"85":[0,0],"86":[0,0],"87":[0,0],"88":[0,0],"89":[0,0],"90":[0,0],"91":[0,0],"92":[0,0],"93":[0,0],"94":[0,0],"95":[0,0],"96":[0,0],"97":[0,0],"98":[0,0],"99":[0,0],"100":[0,0],"101":[0,0],"102":[0,0],"103":[0,0],"104":[0,0,0,0],"105":[0,0],"106":[0,0],"107":[0,0],"108":[0,0,0],"109":[0,0],"110":[0,0],"111":[0,0],"112":[0,0],"113":[0,0],"114":[0,0],"115":[0,0],"116":[0,0],"117":[0,0],"118":[0,0],"119":[0,0],"120":[0,0],"121":[0,0],"122":[0,0],"123":[0,0],"124":[0,0],"125":[0,0],"126":[0,0],"127":[0,0],"128":[0,0],"129":[0,0],"130":[0,0,0],"131":[0,0],"132":[0,0],"133":[0,0],"134":[0,0,0],"135":[0,0],"136":[0,0],"137":[0,0],"138":[0,0,0],"139":[0,0],"140":[0,0],"141":[0,0],"142":[0,0],"143":[0,0,0,0],"144":[0,0],"145":[0,0],"146":[0,0],"147":[0,0],"148":[0,0],"149":[0,0],"150":[0,0],"151":[0,0],"152":[0,0],"153":[0,0],"154":[0,0],"155":[0,0],"156":[0,0],"157":[0,0],"158":[0,0],"159":[0,0],"160":[0,0],"161":[0,0],"162":[0,0],"163":[0,0],"164":[0,0],"165":[0,0],"166":[0,0,0],"167":[0,0],"168":[0,0,0],"169":[0,0],"170":[0,0],"171":[0,0],"172":[0,0],"173":[0,0],"174":[0,0],"175":[0,0],"176":[0,0],"177":[0,0],"178":[0,0],"179":[0,0],"180":[0,0],"181":[0,0],"182":[0,0],"183":[0,0],"184":[0,0],"185":[0,0],"186":[0,0],"187":[0,0],"188":[0,0],"189":[0,0],"190":[0,0],"191":[0,0],"192":[0,0],"193":[0,0],"194":[0,0],"195":[0,0],"196":[0,0],"197":[0,0],"198":[0,0],"199":[0,0],"200":[0,0],"201":[0,0],"202":[0,0],"203":[0,0,0,0],"204":[0,0],"205":[0,0],"206":[0,0],"207":[0,0],"208":[0,0],"209":[0,0],"210":[0,0],"211":[0,0],"212":[0,0],"213":[0,0],"214":[0,0],"215":[0,0],"216":[0,0],"217":[0,0],"218":[0,0],"219":[0,0],"220":[0,0],"221":[0,0],"222":[0,0],"223":[0,0],"224":[0,0],"225":[0,0],"226":[0,0],"227":[0,0],"228":[0,0],"229":[0,0],"230":[0,0],"231":[0,0],"232":[0,0],"233":[0,0],"234":[0,0],"235":[0,0],"236":[0,0],"237":[0,0],"238":[0,0],"239":[0,0],"240":[0,0],"241":[0,0],"242":[0,0],"243":[0,0],"244":[0,0],"245":[0,0],"246":[0,0],"247":[0,0],"248":[0,0],"249":[0,0],"250":[0,0],"251":[0,0],"252":[0,0],"253":[0,0],"254":[0,0],"255":[0,0],"256":[0,0,0,0],"257":[0,0],"258":[0,0]},"f":{"1":0,"2":0,"3":0,"4":0,"5":0,"6":0,"7":0,"8":0,"9":0,"10":0,"11":0,"12":0,"13":0,"14":0,"15":0,"16":0,"17":0,"18":0,"19":0,"20":0,"21":0,"22":0,"23":0,"24":0,"25":0,"26":0,"27":0,"28":0,"29":0,"30":0,"31":0,"32":0,"33":0,"34":0,"35":0,"36":0,"37":0,"38":0,"39":0,"40":0,"41":0,"42":0,"43":0,"44":0,"45":0,"46":0,"47":0,"48":0,"49":0,"50":0,"51":0,"52":0,"53":0,"54":0,"55":0,"56":0,"57":0,"58":0,"59":0,"60":0,"61":0,"62":0,"63":0,"64":0,"65":0,"66":0,"67":0,"68":0,"69":0,"70":0,"71":0,"72":0,"73":0,"74":0,"75":0,"76":0,"77":0,"78":0,"79":0,"80":0,"81":0,"82":0,"83":0,"84":0,"85":0,"86":0,"87":0,"88":0,"89":0,"90":0,"91":0,"92":0,"93":0,"94":0,"95":0,"96":0,"97":0,"98":0,"99":0,"100":0,"101":0,"102":0,"103":0,"104":0,"105":0,"106":0,"107":0,"108":0,"109":0,"110":0,"111":0,"112":0,"113":0,"114":0,"115":0,"116":0,"117":0,"118":0,"119":0,"120":0,"121":0,"122":0,"123":0,"124":0,"125":0,"126":0,"127":0,"128":0,"129":0,"130":0,"131":0,"132":0,"133":0,"134":0,"135":0,"136":0,"137":0,"138":0,"139":0,"140":0,"141":0,"142":0,"143":0,"144":0,"145":0,"146":0,"147":0,"148":0,"149":0,"150":0,"151":0,"152":0,"153":0,"154":0,"155":0,"156":0,"157":0,"158":0,"159":0,"160":0,"161":0,"162":0,"163":0,"164":0,"165":0,"166":0,"167":0,"168":0,"169":0,"170":0,"171":0,"172":0,"173":0,"174":0,"175":0,"176":0,"177":0,"178":0,"179":0,"180":0,"181":0,"182":0,"183":0,"184":0,"185":0,"186":0,"187":0,"188":0,"189":0,"190":0,"191":0,"192":0,"193":0,"194":0,"195":0,"196":0,"197":0,"198":0,"199":0,"200":0},"fnMap":{"1":{"name":"create","line":48,"loc":{"start":{"line":48,"column":17},"end":{"line":48,"column":42}}},"2":{"name":"selectXPath","line":67,"loc":{"start":{"line":67,"column":0},"end":{"line":67,"column":33}}},"3":{"name":"(anonymous_3)","line":72,"loc":{"start":{"line":72,"column":18},"end":{"line":72,"column":29}}},"4":{"name":"Casper","line":84,"loc":{"start":{"line":84,"column":13},"end":{"line":84,"column":38}}},"5":{"name":"_onRunComplete","line":106,"loc":{"start":{"line":106,"column":29},"end":{"line":106,"column":55}}},"6":{"name":"_onStepTimeout","line":110,"loc":{"start":{"line":110,"column":29},"end":{"line":110,"column":71}}},"7":{"name":"_onTimeout","line":113,"loc":{"start":{"line":113,"column":29},"end":{"line":113,"column":58}}},"8":{"name":"_onWaitTimeout","line":116,"loc":{"start":{"line":116,"column":29},"end":{"line":116,"column":62}}},"9":{"name":"(anonymous_9)","line":176,"loc":{"start":{"line":176,"column":34},"end":{"line":176,"column":45}}},"10":{"name":"(anonymous_10)","line":191,"loc":{"start":{"line":191,"column":21},"end":{"line":191,"column":46}}},"11":{"name":"onDeprecated","line":218,"loc":{"start":{"line":218,"column":26},"end":{"line":218,"column":57}}},"12":{"name":"back","line":239,"loc":{"start":{"line":239,"column":24},"end":{"line":239,"column":40}}},"13":{"name":"(anonymous_13)","line":242,"loc":{"start":{"line":242,"column":21},"end":{"line":242,"column":32}}},"14":{"name":"base64encode","line":259,"loc":{"start":{"line":259,"column":32},"end":{"line":259,"column":73}}},"15":{"name":"bypass","line":269,"loc":{"start":{"line":269,"column":26},"end":{"line":269,"column":46}}},"16":{"name":"callUtils","line":289,"loc":{"start":{"line":289,"column":29},"end":{"line":289,"column":56}}},"17":{"name":"(anonymous_17)","line":292,"loc":{"start":{"line":292,"column":31},"end":{"line":292,"column":54}}},"18":{"name":"capture","line":312,"loc":{"start":{"line":312,"column":27},"end":{"line":312,"column":78}}},"19":{"name":"captureBase64","line":351,"loc":{"start":{"line":351,"column":33},"end":{"line":351,"column":70}}},"20":{"name":"captureSelector","line":387,"loc":{"start":{"line":387,"column":35},"end":{"line":387,"column":94}}},"21":{"name":"checkStep","line":398,"loc":{"start":{"line":398,"column":29},"end":{"line":398,"column":66}}},"22":{"name":"checkStarted","line":432,"loc":{"start":{"line":432,"column":32},"end":{"line":432,"column":56}}},"23":{"name":"clear","line":449,"loc":{"start":{"line":449,"column":25},"end":{"line":449,"column":42}}},"24":{"name":"click","line":468,"loc":{"start":{"line":468,"column":25},"end":{"line":468,"column":56}}},"25":{"name":"(anonymous_25)","line":473,"loc":{"start":{"line":473,"column":18},"end":{"line":473,"column":37}}},"26":{"name":"clickLabel","line":491,"loc":{"start":{"line":491,"column":30},"end":{"line":491,"column":62}}},"27":{"name":"configureHttpAuth","line":508,"loc":{"start":{"line":508,"column":37},"end":{"line":508,"column":84}}},"28":{"name":"createStep","line":533,"loc":{"start":{"line":533,"column":30},"end":{"line":533,"column":63}}},"29":{"name":"debugHTML","line":550,"loc":{"start":{"line":550,"column":29},"end":{"line":550,"column":65}}},"30":{"name":"debugPage","line":561,"loc":{"start":{"line":561,"column":29},"end":{"line":561,"column":50}}},"31":{"name":"_evaluate","line":564,"loc":{"start":{"line":564,"column":28},"end":{"line":564,"column":49}}},"32":{"name":"die","line":577,"loc":{"start":{"line":577,"column":23},"end":{"line":577,"column":53}}},"33":{"name":"download","line":602,"loc":{"start":{"line":602,"column":28},"end":{"line":602,"column":77}}},"34":{"name":"each","line":625,"loc":{"start":{"line":625,"column":24},"end":{"line":625,"column":49}}},"35":{"name":"_forEach","line":631,"loc":{"start":{"line":631,"column":18},"end":{"line":631,"column":45}}},"36":{"name":"each","line":644,"loc":{"start":{"line":644,"column":28},"end":{"line":644,"column":55}}},"37":{"name":"_forEach","line":650,"loc":{"start":{"line":650,"column":18},"end":{"line":650,"column":42}}},"38":{"name":"(anonymous_38)","line":651,"loc":{"start":{"line":651,"column":18},"end":{"line":651,"column":29}}},"39":{"name":"echo","line":666,"loc":{"start":{"line":666,"column":24},"end":{"line":666,"column":56}}},"40":{"name":"evaluate","line":700,"loc":{"start":{"line":700,"column":28},"end":{"line":700,"column":59}}},"41":{"name":"evaluateOrDie","line":740,"loc":{"start":{"line":740,"column":33},"end":{"line":740,"column":77}}},"42":{"name":"exists","line":756,"loc":{"start":{"line":756,"column":26},"end":{"line":756,"column":52}}},"43":{"name":"exit","line":768,"loc":{"start":{"line":768,"column":24},"end":{"line":768,"column":46}}},"44":{"name":"(anonymous_44)","line":771,"loc":{"start":{"line":771,"column":15},"end":{"line":771,"column":26}}},"45":{"name":"fetchText","line":781,"loc":{"start":{"line":781,"column":29},"end":{"line":781,"column":58}}},"46":{"name":"fillForm","line":794,"loc":{"start":{"line":794,"column":28},"end":{"line":794,"column":71}}},"47":{"name":"_evaluate","line":803,"loc":{"start":{"line":803,"column":36},"end":{"line":803,"column":85}}},"48":{"name":"_forEach","line":826,"loc":{"start":{"line":826,"column":38},"end":{"line":826,"column":62}}},"49":{"name":"(anonymous_49)","line":831,"loc":{"start":{"line":831,"column":26},"end":{"line":831,"column":45}}},"50":{"name":"_evaluate","line":849,"loc":{"start":{"line":849,"column":22},"end":{"line":849,"column":51}}},"51":{"name":"fillNames","line":879,"loc":{"start":{"line":879,"column":29},"end":{"line":879,"column":76}}},"52":{"name":"fillLabels","line":894,"loc":{"start":{"line":894,"column":30},"end":{"line":894,"column":78}}},"53":{"name":"fillSelectors","line":909,"loc":{"start":{"line":909,"column":33},"end":{"line":909,"column":84}}},"54":{"name":"fillXPath","line":933,"loc":{"start":{"line":933,"column":29},"end":{"line":933,"column":76}}},"55":{"name":"forward","line":946,"loc":{"start":{"line":946,"column":27},"end":{"line":946,"column":46}}},"56":{"name":"(anonymous_56)","line":949,"loc":{"start":{"line":949,"column":21},"end":{"line":949,"column":32}}},"57":{"name":"getColorizer","line":961,"loc":{"start":{"line":961,"column":32},"end":{"line":961,"column":56}}},"58":{"name":"getPageContent","line":971,"loc":{"start":{"line":971,"column":34},"end":{"line":971,"column":60}}},"59":{"name":"getPlainText","line":989,"loc":{"start":{"line":989,"column":32},"end":{"line":989,"column":56}}},"60":{"name":"getCurrentUrl","line":1000,"loc":{"start":{"line":1000,"column":33},"end":{"line":1000,"column":58}}},"61":{"name":"_evaluate","line":1007,"loc":{"start":{"line":1007,"column":49},"end":{"line":1007,"column":70}}},"62":{"name":"getElementAttr","line":1028,"loc":{"start":{"line":1028,"column":34},"end":{"line":1028,"column":79}}},"63":{"name":"_evaluate","line":1031,"loc":{"start":{"line":1031,"column":25},"end":{"line":1031,"column":65}}},"64":{"name":"getElementsAttr","line":1045,"loc":{"start":{"line":1045,"column":35},"end":{"line":1045,"column":81}}},"65":{"name":"_evaluate","line":1048,"loc":{"start":{"line":1048,"column":25},"end":{"line":1048,"column":65}}},"66":{"name":"(anonymous_66)","line":1049,"loc":{"start":{"line":1049,"column":56},"end":{"line":1049,"column":74}}},"67":{"name":"getElementBounds","line":1061,"loc":{"start":{"line":1061,"column":36},"end":{"line":1061,"column":72}}},"68":{"name":"getElementInfo","line":1088,"loc":{"start":{"line":1088,"column":34},"end":{"line":1088,"column":68}}},"69":{"name":"getElementsInfo","line":1103,"loc":{"start":{"line":1103,"column":35},"end":{"line":1103,"column":70}}},"70":{"name":"getElementsBounds","line":1118,"loc":{"start":{"line":1118,"column":37},"end":{"line":1118,"column":74}}},"71":{"name":"(anonymous_71)","line":1127,"loc":{"start":{"line":1127,"column":48},"end":{"line":1127,"column":67}}},"72":{"name":"(anonymous_72)","line":1144,"loc":{"start":{"line":1144,"column":33},"end":{"line":1144,"column":52}}},"73":{"name":"getGlobal","line":1159,"loc":{"start":{"line":1159,"column":29},"end":{"line":1159,"column":54}}},"74":{"name":"_evaluate","line":1162,"loc":{"start":{"line":1162,"column":31},"end":{"line":1162,"column":56}}},"75":{"name":"getHTML","line":1190,"loc":{"start":{"line":1190,"column":27},"end":{"line":1190,"column":61}}},"76":{"name":"getSelectorHTML","line":1199,"loc":{"start":{"line":1199,"column":25},"end":{"line":1199,"column":67}}},"77":{"name":"getTitle","line":1210,"loc":{"start":{"line":1210,"column":28},"end":{"line":1210,"column":48}}},"78":{"name":"_evaluate","line":1213,"loc":{"start":{"line":1213,"column":25},"end":{"line":1213,"column":46}}},"79":{"name":"(anonymous_79)","line":1223,"loc":{"start":{"line":1223,"column":42},"end":{"line":1223,"column":61}}},"80":{"name":"initErrorHandler","line":1257,"loc":{"start":{"line":1257,"column":36},"end":{"line":1257,"column":64}}},"81":{"name":"phantom_onError","line":1260,"loc":{"start":{"line":1260,"column":22},"end":{"line":1260,"column":63}}},"82":{"name":"injectClientScripts","line":1273,"loc":{"start":{"line":1273,"column":39},"end":{"line":1273,"column":70}}},"83":{"name":"_forEach","line":1285,"loc":{"start":{"line":1285,"column":39},"end":{"line":1285,"column":65}}},"84":{"name":"injectClientUtils","line":1299,"loc":{"start":{"line":1299,"column":37},"end":{"line":1299,"column":66}}},"85":{"name":"(anonymous_85)","line":1302,"loc":{"start":{"line":1302,"column":49},"end":{"line":1302,"column":60}}},"86":{"name":"(anonymous_86)","line":1317,"loc":{"start":{"line":1317,"column":23},"end":{"line":1317,"column":34}}},"87":{"name":"includeRemoteScripts","line":1327,"loc":{"start":{"line":1327,"column":40},"end":{"line":1327,"column":72}}},"88":{"name":"(anonymous_88)","line":1334,"loc":{"start":{"line":1334,"column":39},"end":{"line":1334,"column":59}}},"89":{"name":"(anonymous_89)","line":1336,"loc":{"start":{"line":1336,"column":39},"end":{"line":1336,"column":50}}},"90":{"name":"log","line":1356,"loc":{"start":{"line":1356,"column":23},"end":{"line":1356,"column":59}}},"91":{"name":"mouseEvent","line":1400,"loc":{"start":{"line":1400,"column":30},"end":{"line":1400,"column":72}}},"92":{"name":"open","line":1432,"loc":{"start":{"line":1432,"column":24},"end":{"line":1432,"column":58}}},"93":{"name":"reload","line":1492,"loc":{"start":{"line":1492,"column":26},"end":{"line":1492,"column":48}}},"94":{"name":"(anonymous_94)","line":1495,"loc":{"start":{"line":1495,"column":14},"end":{"line":1495,"column":25}}},"95":{"name":"repeat","line":1512,"loc":{"start":{"line":1512,"column":26},"end":{"line":1512,"column":55}}},"96":{"name":"resourceExists","line":1527,"loc":{"start":{"line":1527,"column":34},"end":{"line":1527,"column":64}}},"97":{"name":"_testResourceExists_String","line":1533,"loc":{"start":{"line":1533,"column":21},"end":{"line":1533,"column":62}}},"98":{"name":"_testResourceExists_Regexp","line":1538,"loc":{"start":{"line":1538,"column":21},"end":{"line":1538,"column":62}}},"99":{"name":"run","line":1558,"loc":{"start":{"line":1558,"column":23},"end":{"line":1558,"column":54}}},"100":{"name":"runStep","line":1575,"loc":{"start":{"line":1575,"column":27},"end":{"line":1575,"column":50}}},"101":{"name":"getCurrentSuiteId","line":1582,"loc":{"start":{"line":1582,"column":4},"end":{"line":1582,"column":39}}},"102":{"name":"_check","line":1593,"loc":{"start":{"line":1593,"column":51},"end":{"line":1593,"column":89}}},"103":{"name":"(anonymous_103)","line":1643,"loc":{"start":{"line":1643,"column":28},"end":{"line":1643,"column":62}}},"104":{"name":"(anonymous_104)","line":1667,"loc":{"start":{"line":1667,"column":22},"end":{"line":1667,"column":41}}},"105":{"name":"(anonymous_105)","line":1677,"loc":{"start":{"line":1677,"column":22},"end":{"line":1677,"column":41}}},"106":{"name":"(anonymous_106)","line":1691,"loc":{"start":{"line":1691,"column":28},"end":{"line":1691,"column":43}}},"107":{"name":"scrollToBottom","line":1702,"loc":{"start":{"line":1702,"column":34},"end":{"line":1702,"column":60}}},"108":{"name":"setContent","line":1714,"loc":{"start":{"line":1714,"column":30},"end":{"line":1714,"column":59}}},"109":{"name":"setFieldValue","line":1732,"loc":{"start":{"line":1732,"column":33},"end":{"line":1732,"column":88}}},"110":{"name":"_evaluate","line":1737,"loc":{"start":{"line":1737,"column":31},"end":{"line":1737,"column":87}}},"111":{"name":"setFieldValueName","line":1757,"loc":{"start":{"line":1757,"column":37},"end":{"line":1757,"column":83}}},"112":{"name":"setFieldValueLabel","line":1770,"loc":{"start":{"line":1770,"column":38},"end":{"line":1770,"column":86}}},"113":{"name":"setHttpAuth","line":1783,"loc":{"start":{"line":1783,"column":31},"end":{"line":1783,"column":72}}},"114":{"name":"start","line":1798,"loc":{"start":{"line":1798,"column":25},"end":{"line":1798,"column":56}}},"115":{"name":"_check","line":1827,"loc":{"start":{"line":1827,"column":19},"end":{"line":1827,"column":41}}},"116":{"name":"_step","line":1837,"loc":{"start":{"line":1837,"column":87},"end":{"line":1837,"column":104}}},"117":{"name":"status","line":1850,"loc":{"start":{"line":1850,"column":26},"end":{"line":1850,"column":52}}},"118":{"name":"(anonymous_118)","line":1855,"loc":{"start":{"line":1855,"column":23},"end":{"line":1855,"column":42}}},"119":{"name":"then","line":1867,"loc":{"start":{"line":1867,"column":24},"end":{"line":1867,"column":44}}},"120":{"name":"thenClick","line":1905,"loc":{"start":{"line":1905,"column":29},"end":{"line":1905,"column":64}}},"121":{"name":"_step","line":1908,"loc":{"start":{"line":1908,"column":14},"end":{"line":1908,"column":31}}},"122":{"name":"thenEvaluate","line":1923,"loc":{"start":{"line":1923,"column":32},"end":{"line":1923,"column":58}}},"123":{"name":"_step","line":1927,"loc":{"start":{"line":1927,"column":21},"end":{"line":1927,"column":38}}},"124":{"name":"thenOpen","line":1940,"loc":{"start":{"line":1940,"column":28},"end":{"line":1940,"column":72}}},"125":{"name":"_step","line":1947,"loc":{"start":{"line":1947,"column":30},"end":{"line":1947,"column":47}}},"126":{"name":"thenBypass","line":1960,"loc":{"start":{"line":1960,"column":30},"end":{"line":1960,"column":54}}},"127":{"name":"_thenBypass","line":1962,"loc":{"start":{"line":1962,"column":21},"end":{"line":1962,"column":44}}},"128":{"name":"thenBypassIf","line":1973,"loc":{"start":{"line":1973,"column":32},"end":{"line":1973,"column":69}}},"129":{"name":"_thenBypassIf","line":1975,"loc":{"start":{"line":1975,"column":21},"end":{"line":1975,"column":46}}},"130":{"name":"thenBypassUnless","line":1991,"loc":{"start":{"line":1991,"column":36},"end":{"line":1991,"column":77}}},"131":{"name":"_thenBypassUnless","line":1993,"loc":{"start":{"line":1993,"column":21},"end":{"line":1993,"column":50}}},"132":{"name":"thenOpenAndEvaluate","line":2014,"loc":{"start":{"line":2014,"column":39},"end":{"line":2014,"column":82}}},"133":{"name":"toString","line":2026,"loc":{"start":{"line":2026,"column":28},"end":{"line":2026,"column":48}}},"134":{"name":"unwait","line":2036,"loc":{"start":{"line":2036,"column":26},"end":{"line":2036,"column":44}}},"135":{"name":"(anonymous_135)","line":2038,"loc":{"start":{"line":2038,"column":25},"end":{"line":2038,"column":44}}},"136":{"name":"userAgent","line":2053,"loc":{"start":{"line":2053,"column":29},"end":{"line":2053,"column":55}}},"137":{"name":"viewport","line":2071,"loc":{"start":{"line":2071,"column":28},"end":{"line":2071,"column":67}}},"138":{"name":"_step","line":2086,"loc":{"start":{"line":2086,"column":21},"end":{"line":2086,"column":38}}},"139":{"name":"_check","line":2088,"loc":{"start":{"line":2088,"column":19},"end":{"line":2088,"column":41}}},"140":{"name":"visible","line":2106,"loc":{"start":{"line":2106,"column":27},"end":{"line":2106,"column":54}}},"141":{"name":"allVisible","line":2118,"loc":{"start":{"line":2118,"column":30},"end":{"line":2118,"column":60}}},"142":{"name":"warn","line":2131,"loc":{"start":{"line":2131,"column":24},"end":{"line":2131,"column":47}}},"143":{"name":"getTimeoutAndCheckNextStepFunction","line":2150,"loc":{"start":{"line":2150,"column":0},"end":{"line":2150,"column":103}}},"144":{"name":"wait","line":2177,"loc":{"start":{"line":2177,"column":24},"end":{"line":2177,"column":53}}},"145":{"name":"_step","line":2181,"loc":{"start":{"line":2181,"column":21},"end":{"line":2181,"column":38}}},"146":{"name":"_check","line":2183,"loc":{"start":{"line":2183,"column":19},"end":{"line":2183,"column":41}}},"147":{"name":"waitStart","line":2200,"loc":{"start":{"line":2200,"column":29},"end":{"line":2200,"column":50}}},"148":{"name":"waitDone","line":2206,"loc":{"start":{"line":2206,"column":28},"end":{"line":2206,"column":48}}},"149":{"name":"waitFor","line":2222,"loc":{"start":{"line":2222,"column":27},"end":{"line":2222,"column":87}}},"150":{"name":"_step","line":2230,"loc":{"start":{"line":2230,"column":21},"end":{"line":2230,"column":38}}},"151":{"name":"_check","line":2234,"loc":{"start":{"line":2234,"column":35},"end":{"line":2234,"column":57}}},"152":{"name":"(anonymous_152)","line":2277,"loc":{"start":{"line":2277,"column":32},"end":{"line":2277,"column":67}}},"153":{"name":"alertCallback","line":2281,"loc":{"start":{"line":2281,"column":4},"end":{"line":2281,"column":32}}},"154":{"name":"isAlertReceived","line":2285,"loc":{"start":{"line":2285,"column":24},"end":{"line":2285,"column":51}}},"155":{"name":"onAlertReceived","line":2287,"loc":{"start":{"line":2287,"column":7},"end":{"line":2287,"column":34}}},"156":{"name":"waitForPopup","l
[...]
de_modules/casperjs/samples/multirun.js","s":{"1":2,"2":0,"3":0,"4":0,"5":0,"6":0,"7":0,"8":0,"9":0,"10":0,"11":0,"12":0,"13":0,"14":0,"15":0,"16":0,"17":0,"18":0,"19":0,"20":0,"21":0,"22":0,"23":0,"24":0,"25":0,"26":0,"27":0,"28":0,"29":0,"30":0,"31":0},"b":{"1":[0,0]},"f":{"1":0,"2":0,"3":0,"4":0,"5":0,"6":0,"7":0,"8":0,"9":0,"10":0,"11":0,"12":0},"fnMap":{"1":{"name":"(anonymous_1)","line":8,"loc":{"start":{"line":8,"column":17},"end":{"line":8,"column":28}}},"2":{"name":"(anonymous_2)","line":13,"loc":{"start":{"line":13,"column":4},"end":{"line":13,"column":15}}},"3":{"name":"(anonymous_3)","line":15,"loc":{"start":{"line":15,"column":41},"end":{"line":15,"column":52}}},"4":{"name":"(anonymous_4)","line":18,"loc":{"start":{"line":18,"column":18},"end":{"line":18,"column":29}}},"5":{"name":"(anonymous_5)","line":21,"loc":{"start":{"line":21,"column":7},"end":{"line":21,"column":18}}},"6":{"name":"(anonymous_6)","line":23,"loc":{"start":{"line":23,"column":40},"end":{"line":23,"column":51}}},"7":{"name":"(anonymous_7)","line":26,"loc":{"start":{"line":26,"column":18},"end":{"line":26,"column":29}}},"8":{"name":"(anonymous_8)","line":29,"loc":{"start":{"line":29,"column":7},"end":{"line":29,"column":18}}},"9":{"name":"(anonymous_9)","line":31,"loc":{"start":{"line":31,"column":39},"end":{"line":31,"column":50}}},"10":{"name":"(anonymous_10)","line":34,"loc":{"start":{"line":34,"column":18},"end":{"line":34,"column":29}}},"11":{"name":"(anonymous_11)","line":42,"loc":{"start":{"line":42,"column":12},"end":{"line":42,"column":23}}},"12":{"name":"(anonymous_12)","line":48,"loc":{"start":{"line":48,"column":12},"end":{"line":48,"column":23}}}},"statementMap":{"1":{"start":{"line":4,"column":0},"end":{"line":6,"column":3}},"2":{"start":{"line":8,"column":0},"end":{"line":10,"column":2}},"3":{"start":{"line":9,"column":4},"end":{"line":9,"column":49}},"4":{"start":{"line":12,"column":0},"end":{"line":38,"column":2}},"5":{"start":{"line":14,"column":8},"end":{"line":14,"column":29}},"6":{"start":{"line":15,"column":8},"end":{"line":17,"column":11}},"7":{"start":{"line":16,"column":12},"end":{"line":16,"column":58}},"8":{"start":{"line":18,"column":8},"end":{"line":20,"column":11}},"9":{"start":{"line":19,"column":12},"end":{"line":19,"column":62}},"10":{"start":{"line":22,"column":8},"end":{"line":22,"column":29}},"11":{"start":{"line":23,"column":8},"end":{"line":25,"column":11}},"12":{"start":{"line":24,"column":12},"end":{"line":24,"column":58}},"13":{"start":{"line":26,"column":8},"end":{"line":28,"column":11}},"14":{"start":{"line":27,"column":12},"end":{"line":27,"column":62}},"15":{"start":{"line":30,"column":8},"end":{"line":30,"column":29}},"16":{"start":{"line":31,"column":8},"end":{"line":33,"column":11}},"17":{"start":{"line":32,"column":12},"end":{"line":32,"column":58}},"18":{"start":{"line":34,"column":8},"end":{"line":36,"column":11}},"19":{"start":{"line":35,"column":12},"end":{"line":35,"column":62}},"20":{"start":{"line":40,"column":0},"end":{"line":40,"column":15}},"21":{"start":{"line":42,"column":0},"end":{"line":44,"column":3}},"22":{"start":{"line":43,"column":4},"end":{"line":43,"column":26}},"23":{"start":{"line":46,"column":0},"end":{"line":46,"column":21}},"24":{"start":{"line":48,"column":0},"end":{"line":57,"column":2}},"25":{"start":{"line":49,"column":4},"end":{"line":56,"column":5}},"26":{"start":{"line":50,"column":8},"end":{"line":50,"column":40}},"27":{"start":{"line":51,"column":8},"end":{"line":51,"column":23}},"28":{"start":{"line":52,"column":8},"end":{"line":52,"column":26}},"29":{"start":{"line":54,"column":8},"end":{"line":54,"column":31}},"30":{"start":{"line":55,"column":8},"end":{"line":55,"column":20}},"31":{"start":{"line":59,"column":0},"end":{"line":59,"column":18}}},"branchMap":{"1":{"line":49,"type":"if","locations":[{"start":{"line":49,"column":4},"end":{"line":49,"column":4}},{"start":{"line":49,"column":4},"end":{"line":49,"column":4}}]}},"code":["/*eslint strict:0*/","/*global CasperError, console, phantom, require*/","","var casper = require(\"casper\").create({","    verbose: true","});","","var countLinks = function() {","    return document.querySelectorAll('a').length;","};","","var suites = [","    function() {","        this.echo(\"Suite 1\");","        this.start(\"http://google.com/\", function() {","            this.echo(\"Page title: \" + (this.getTitle()));","        });","        this.then(function() {","            this.echo((this.evaluate(countLinks)) + \" links\");","        });","    }, function() {","        this.echo(\"Suite 2\");","        this.start(\"http://yahoo.com/\", function() {","            this.echo(\"Page title: \" + (this.getTitle()));","        });","        this.then(function() {","            this.echo((this.evaluate(countLinks)) + \" links\");","        });","    }, function() {","        this.echo(\"Suite 3\");","        this.start(\"http://bing.com/\", function() {","            this.echo(\"Page title: \" + (this.getTitle()));","        });","        this.then(function() {","            this.echo((this.evaluate(countLinks)) + \" links\");","        });","    }","];","","casper.start();","","casper.then(function() {","    this.echo(\"Starting\");","});","","var currentSuite = 0;","","var check = function() {","    if (suites[currentSuite]) {","        suites[currentSuite].call(this);","        currentSuite++;","        casper.run(check);","    } else {","        this.echo(\"All done.\");","        this.exit();","    }","};","","casper.run(check);",""],"l":{"4":2,"8":0,"9":0,"12":0,"14":0,"15":0,"16":0,"18":0,"19":0,"22":0,"23":0,"24":0,"26":0,"27":0,"30":0,"31":0,"32":0,"34":0,"35":0,"40":0,"42":0,"43":0,"46":0,"48":0,"49":0,"50":0,"51":0,"52":0,"54":0,"55":0,"59":0}},"/home/travis/build/npmtest/node-npmtest-casperjs/node_modules/casperjs/samples/screenshot.js":{"path":"/home/travis/build/npmtest/node-npmtest-casperjs/node_modules/casperjs/samples/screenshot.js","s":{"1":2,"2":0,"3":0,"4":0,"5":0,"6":0,"7":0,"8":0,"9":0,"10":0,"11":0,"12":0},"b":{"1":[0,0],"2":[0,0,0]},"f":{"1":0,"2":0,"3":0},"fnMap":{"1":{"name":"(anonymous_1)","line":26,"loc":{"start":{"line":26,"column":54},"end":{"line":26,"column":65}}},"2":{"name":"(anonymous_2)","line":27,"loc":{"start":{"line":27,"column":47},"end":{"line":27,"column":58}}},"3":{"name":"(anonymous_3)","line":30,"loc":{"start":{"line":30,"column":9},"end":{"line":30,"column":20}}}},"statementMap":{"1":{"start":{"line":9,"column":0},"end":{"line":14,"column":3}},"2":{"start":{"line":16,"column":0},"end":{"line":16,"column":39}},"3":{"start":{"line":17,"column":0},"end":{"line":17,"column":39}},"4":{"start":{"line":19,"column":0},"end":{"line":24,"column":1}},"5":{"start":{"line":20,"column":4},"end":{"line":23,"column":5}},"6":{"start":{"line":26,"column":0},"end":{"line":34,"column":3}},"7":{"start":{"line":27,"column":4},"end":{"line":33,"column":15}},"8":{"start":{"line":28,"column":8},"end":{"line":28,"column":47}},"9":{"start":{"line":29,"column":8},"end":{"line":29,"column":87}},"10":{"start":{"line":31,"column":8},"end":{"line":31,"column":49}},"11":{"start":{"line":32,"column":8},"end":{"line":32,"column":20}},"12":{"start":{"line":36,"column":0},"end":{"line":36,"column":13}}},"branchMap":{"1":{"line":19,"type":"if","locations":[{"start":{"line":19,"column":0},"end":{"line":19,"column":0}},{"start":{"line":19,"column":0},"end":{"line":19,"column":0}}]},"2":{"line":19,"type":"binary-expr","locations":[{"start":{"line":19,"column":4},"end":{"line":19,"column":19}},{"start":{"line":19,"column":23},"end":{"line":19,"column":32}},{"start":{"line":19,"column":36},"end":{"line":19,"column":71}}]}},"code":["/*eslint strict:0*/","/*global CasperError, console, phantom, require*/","","/**"," * This script will capture a screenshot of a twitter account page"," * Usage: $ casperjs screenshot.js <twitter-account> <filename.[jpg|png|pdf]>"," */","","var casper = require(\"casper\").create({","    viewportSize: {","        width: 1024,","        height: 768","    }","});","","var twitterAccount = casper.cli.get(0);","var filename       = casper.cli.get(1);","","if (!twitterAccount || !filename || !/\\.(png|jpg|pdf)$/i.test(filename)) {","    casper","        .echo(\"Usage: $ casperjs screenshot.js <twitter-account> <filename.[jpg|png|pdf]>\")","        .exit(1)","    ;","}","","casper.start(\"https://twitter.com/\" + twitterAccount, function() {","    this.waitForSelector(\".stream-container\", (function() {","        this.captureSelector(filename, \"html\");","        this.echo(\"Saved screenshot of \" + (this.getCurrentUrl()) + \" to \" + filename);","    }), (function() {","        this.die(\"Timeout reached. Fail whale?\");","        this.exit();","    }), 12000);","});","","casper.run();",""],"l":{"9":2,"16":0,"17":0,"19":0,"20":0,"26":0,"27":0,"28":0,"29":0,"31":0,"32":0,"36":0}},"/home/travis/build/npmtest/node-npmtest-casperjs/node_modules/casperjs/samples/statushandlers.js":{"path":"/home/travis/build/npmtest/node-npmtest-casperjs/node_modules/casperjs/samples/statushandlers.js","s":{"1":2,"2":0,"3":0,"4":0,"5":0,"6":0},"b":{},"f":{"1":0,"2":0},"fnMap":{"1":{"name":"(anonymous_1)","line":10,"loc":{"start":{"line":10,"column":13},"end":{"line":10,"column":38}}},"2":{"name":"(anonymous_2)","line":17,"loc":{"start":{"line":17,"column":43},"end":{"line":17,"column":54}}}},"statementMap":{"1":{"start":{"line":8,"column":0},"end":{"line":15,"column":3}},"2":{"start":{"line":11,"column":12},"end":{"line":11,"column":85}},"3":{"start":{"line":17,"column":0},"end":{"line":20,"column":3}},"4":{"start":{"line":18,"column":4},"end":{"line":18,"column":23}},"5":{"start":{"line":19,"column":4},"end":{"line":19,"column":16}},"6":{"start":{"line":22,"column":0},"end":{"line":22,"column":13}}},"branchMap":{},"code":["/*eslint strict:0*/","/*global CasperError, console, phantom, require*/","","/**"," * This script will add a custom HTTP status code handler, here for 404 pages."," */","","var casper = require(\"casper\").create({","    httpStatusHandlers: {","        404: function(self, resource) {","            this.echo(\"Resource at \" + resource.url + \" not found (404)\", \"COMMENT\");","        }","    },","    verbose: true","});","","casper.start(\"http://www.google.com/plop\", function() {","    this.echo(\"Done.\");","    this.exit();","});","","casper.run();",""],"l":{"8":2,"11":0,"17":0,"18":0,"19":0,"22":0}},"/home/travis/build/npmtest/node-npmtest-casperjs/node_modules/casperjs/samples/steptimeout.js":{"path":"/home/travis/build/npmtest/node-npmtest-casperjs/node_modules/casperjs/samples/steptimeout.js","s":{"1":2,"2":2,"3":2,"4":2,"5":0,"6":0,"7":0,"8":0,"9":0,"10":0,"11":0,"12":0,"13":0,"14":0,"15":0,"16":0,"17":0,"18":0,"19":0,"20":0,"21":0,"22":0,"23":0},"b":{"1":[0,0],"2":[0,0]},"f":{"1":0,"2":0,"3":0,"4":0,"5":0,"6":0},"fnMap":{"1":{"name":"(anonymous_1)","line":15,"loc":{"start":{"line":15,"column":19},"end":{"line":15,"column":30}}},"2":{"name":"(anonymous_2)","line":21,"loc":{"start":{"line":21,"column":27},"end":{"line":21,"column":38}}},"3":{"name":"(anonymous_3)","line":32,"loc":{"start":{"line":32,"column":19},"end":{"line":32,"column":42}}},"4":{"name":"(anonymous_4)","line":33,"loc":{"start":{"line":33,"column":14},"end":{"line":33,"column":25}}},"5":{"name":"(anonymous_5)","line":38,"loc":{"start":{"line":38,"column":14},"end":{"line":38,"column":25}}},"6":{"name":"(anonymous_6)","line":46,"loc":{"start":{"line":46,"column":11},"end":{"line":46,"column":22}}}},"statementMap":{"1":{"start":{"line":4,"column":0},"end":{"line":4,"column":16}},"2":{"start":{"line":5,"column":0},"end":{"line":5,"column":17}},"3":{"start":{"line":6,"column":0},"end":{"line":12,"column":2}},"4":{"start":{"line":14,"column":0},"end":{"line":19,"column":3}},"5":{"start":{"line":16,"column":8},"end":{"line":16,"column":37}},"6":{"start":{"line":17,"column":8},"end":{"line":17,"column":83}},"7":{"start":{"line":21,"column":0},"end":{"line":23,"column":3}},"8":{"start":{"line":22,"column":4},"end":{"line":22,"column":90}},"9":{"start":{"line":25,"column":0},"end":{"line":25,"column":34}},"10":{"start":{"line":26,"column":0},"end":{"line":26,"column":58}},"11":{"start":{"line":28,"column":0},"end":{"line":28,"column":93}},"12":{"start":{"line":30,"column":0},"end":{"line":30,"column":15}},"13":{"start":{"line":32,"column":0},"end":{"line":44,"column":3}},"14":{"start":{"line":33,"column":4},"end":{"line":37,"column":7}},"15":{"start":{"line":34,"column":8},"end":{"line":34,"column":45}},"16":{"start":{"line":35,"column":8},"end":{"line":35,"column":27}},"17":{"start":{"line":36,"column":8},"end":{"line":36,"column":24}},"18":{"start":{"line":38,"column":4},"end":{"line":43,"column":7}},"19":{"start":{"line":39,"column":8},"end":{"line":39,"column":81}},"20":{"start":{"line":40,"column":8},"end":{"line":42,"column":9}},"21":{"start":{"line":41,"column":12},"end":{"line":41,"column":36}},"22":{"start":{"line":46,"column":0},"end":{"line":48,"column":3}},"23":{"start":{"line":47,"column":4},"end":{"line":47,"column":34}}},"branchMap":{"1":{"line":26,"type":"cond-expr","locations":[{"start":{"line":26,"column":43},"end":{"line":26,"column":50}},{"start":{"line":26,"column":53},"end":{"line":26,"column":57}}]},"2":{"line":40,"type":"if","locations":[{"start":{"line":40,"column":8},"end":{"line":40,"column":8}},{"start":{"line":40,"column":8},"end":{"line":40,"column":8}}]}},"code":["/*eslint strict:0*/","/*global CasperError, console, phantom, require*/","","var failed = [];","var start = null;","var links = [","    \"http://google.com/'\",","    \"http://akei.com/'\",","    \"http://lemonde.fr/'\",","    \"http://liberation.fr/'\",","    \"http://cdiscount.fr/\"","];","","var casper = require(\"casper\").create({","    onStepTimeout: function() {","        failed.push(this.requestUrl);","        this.test.fail(this.requestUrl + \" loads in less than \" + timeout + \"ms.\");","    }","});","","casper.on(\"load.finished\", function() {","    this.echo(this.requestUrl + \" loaded in \" + (new Date() - start) + \"ms\", \"PARAMETER\");","});","","var timeout = ~~casper.cli.get(0);","casper.options.stepTimeout = timeout > 0 ? timeout : 1000;","","casper.echo(\"Testing with timeout=\" + casper.options.stepTimeout + \"ms, please be patient.\");","","casper.start();","","casper.each(links, function(casper, link) {","    this.then(function() {","        this.test.comment(\"Loading \" + link);","        start = new Date();","        this.open(link);","    });","    this.then(function() {","        var message = this.requestUrl + \" loads in less than \" + timeout + \"ms.\";","        if (failed.indexOf(this.requestUrl) === -1) {","            this.test.pass(message);","        }","    });","});","","casper.run(function() {","    this.test.renderResults(true);","});",""],"l":{"4":2,"5":2,"6":2,"14":2,"16":0,"17":0,"21":0,"22":0,"25":0,"26":0,"28":0,"30":0,"32":0,"33":0,"34":0,"35":0,"36":0,"38":0,"39":0,"40":0,"41":0,"46":0,"47":0}},"/home/travis/build/npmtest/node-npmtest-casperjs/node_modules/casperjs/samples/timeout.js":{"path":"/home/travis/build/npmtest/node-npmtest-casperjs/node_modules/casperjs/samples/timeout.js","s":{"1":2,"2":0,"3":0,"4":0,"5":0,"6":0,"7":0,"8":0,"9":0,"10":0,"11":0},"b":{"1":[0,0]},"f":{"1":0,"2":0},"fnMap":{"1":{"name":"(anonymous_1)","line":25,"loc":{"start":{"line":25,"column":15},"end":{"line":25,"column":26}}},"2":{"name":"(anonymous_2)","line":45,"loc":{"start":{"line":45,"column":39},"end":{"line":45,"column":50}}}},"statementMap":{"1":{"start":{"line":24,"column":0},"end":{"line":31,"column":3}},"2":{"start":{"line":26,"column":8},"end":{"line":29,"column":9}},"3":{"start":{"line":33,"column":0},"end":{"line":33,"column":34}},"4":{"start":{"line":35,"column":0},"end":{"line":40,"column":1}},"5":{"start":{"line":36,"column":4},"end":{"line":39,"column":5}},"6":{"start":{"line":42,"column":0},"end":{"line":42,"column":68}},"7":{"start":{"line":43,"column":0},"end":{"line":43,"column":33}},"8":{"start":{"line":45,"column":0},"end":{"line":48,"column":3}},"9":{"start":{"line":46,"column":4},"end":{"line":46,"column":35}},"10":{"start":{"line":47,"column":4},"end":{"line":47,"column":16}},"11":{"start":{"line":50,"column":0},"end":{"line":50,"column":13}}},"branchMap":{"1":{"line":35,"type":"if","locations":[{"start":{"line":35,"column":0},"end":{"line":35,"column":0}},{"start":{"line":35,"column":0},"end":{"line":35,"column":0}}]}},"code":["/*eslint strict:0*/","/*global CasperError, console, phantom, require*/","","/**"," * Just a silly game."," *"," * $ casperjs samples/timeout.js 500"," * Will google.com load in less than 500ms?"," * NOPE."," *"," * $ casperjs samples/timeout.js 1000"," * Will google.com load in less than 1000ms?"," * NOPE."," *"," * $ casperjs samples/timeout.js 1500"," * Will google.com load in less than 1500ms?"," * NOPE."," *"," * $ casperjs samples/timeout.js 2000"," * Will google.com load in less than 2000ms?"," * YES!"," */","","var casper = require(\"casper\").create({","    onTimeout: function() {","        this","            .echo(\"NOPE.\", \"RED_BAR\")","            .exit()","        ;","    }","});","","var timeout = ~~casper.cli.get(0);","","if (timeout < 1) {","    casper","        .echo(\"You must pass a valid timeout value\")","        .exit(1)","    ;","}","","casper.echo(\"Will google.com load in less than \" + timeout + \"ms?\");","casper.options.timeout = timeout;","","casper.start(\"http://www.google.com/\", function() {","    this.echo(\"YES!\", \"GREEN_BAR\");","    this.exit();","});","","casper.run();",""],"l":{"24":2,"26":0,"33":0,"35":0,"36":0,"42":0,"43":0,"45":0,"46":0,"47":0,"50":0}},"/home/travis/build/npmtest/node-npmtest-casperjs/node_modules/casperjs/samples/translate.js":{"path":"/home/travis/build/npmtest/node-npmtest-casperjs/node_modules/casperjs/samples/translate.js","s":{"1":2,"2":0,"3":0,"4":0,"5":0,"6":0,"7":0},"b":{"1":[0,0],"2":[0,0]},"f":{"1":0,"2":0},"fnMap":{"1":{"name":"(anonymous_1)","line":24,"loc":{"start":{"line":24,"column":84},"end":{"line":24,"column":95}}},"2":{"name":"(anonymous_2)","line":26,"loc":{"start":{"line":26,"column":31},"end":{"line":26,"column":42}}}},"statementMap":{"1":{"start":{"line":12,"column":0},"end":{"line":18,"column":11}},"2":{"start":{"line":20,"column":0},"end":{"line":22,"column":1}},"3":{"start":{"line":21,"column":4},"end":{"line":21,"column":61}},"4":{"start":{"line":24,"column":0},"end":{"line":28,"column":3}},"5":{"start":{"line":25,"column":4},"end":{"line":25,"column":44}},"6":{"start":{"line":27,"column":4},"end":{"line":27,"column":45}},"7":{"start":{"line":30,"column":0},"end":{"line":30,"column":13}}},"branchMap":{"1":{"line":15,"type":"binary-expr","locations":[{"start":{"line":15,"column":13},"end":{"line":15,"column":37}},{"start":{"line":15,"column":41},"end":{"line":15,"column":47}}]},"2":{"line":20,"type":"if","locations":[{"start":{"line":20,"column":0},"end":{"line":20,"column":0}},{"start":{"line":20,"column":0},"end":{"line":20,"column":0}}]}},"code":["/*eslint strict:0*/","/*global CasperError, console, phantom, require*/","","/**"," * Translation using the Google Translate Service."," *"," * Usage:"," *"," *     $ casperjs translate.js --target=fr \"hello world\""," *     bonjour tout le monde"," */","var system = require('system'),","    casper = require('casper').create(),","    format = require('utils').format,","    source = casper.cli.get('source') || 'auto',","    target = casper.cli.get('target'),","    text   = casper.cli.get(0),","    result;","","if (!target) {","    casper.warn('The --target option is mandatory.').exit(1);","}","","casper.start(format('http://translate.google.com/#%s/%s/%s', source, target, text), function() {","    this.fill('form#gt-form', {text: text});","}).waitForSelector('span.hps', function() {","    this.echo(this.fetchText(\"#result_box\"));","});","","casper.run();",""],"l":{"12":2,"20":0,"21":0,"24":0,"25":0,"27":0,"30":0}}}